<?xml version="1.0" encoding="UTF-8"?>
<!-- Generated by org.testng.reporters.JUnitXMLReporter -->
<testsuite ignored="0" hostname="DESKTOP-ORHFO05" failures="0" tests="3" name="Checkout Tests – Android" time="87.266" errors="0" timestamp="2026-06-07T00:34:35 CEST">
  <testcase classname="com.saucelabs.automation.tests.CheckoutTest" name="tc_checkout_01_fullPurchaseFlow_shouldShowConfirmation" time="30.258"/>
  <testcase classname="com.saucelabs.automation.tests.CheckoutTest" name="tc_checkout_02_addToCart_badgeShouldIncrement" time="2.119"/>
  <testcase classname="com.saucelabs.automation.tests.CheckoutTest" name="tc_checkout_03_cartPersistsAfterBackground" time="8.846"/>
</testsuite> <!-- Checkout Tests – Android -->
