<?xml version="1.0" encoding="UTF-8"?>
<!-- Generated by org.testng.reporters.JUnitXMLReporter -->
<testsuite ignored="0" hostname="DESKTOP-ORHFO05" failures="0" tests="3" name="Checkout Tests – Android" time="90.432" errors="0" timestamp="2026-06-07T14:28:40 CEST">
  <testcase classname="com.saucelabs.automation.tests.CheckoutTest" name="tc_checkout_01_fullPurchaseFlow_shouldShowConfirmation" time="29.994"/>
  <testcase classname="com.saucelabs.automation.tests.CheckoutTest" name="tc_checkout_02_addToCart_badgeShouldIncrement" time="2.188"/>
  <testcase classname="com.saucelabs.automation.tests.CheckoutTest" name="tc_checkout_03_cartPersistsAfterBackground" time="8.911"/>
</testsuite> <!-- Checkout Tests – Android -->
