<?xml version="1.0" encoding="UTF-8"?>
<!-- Generated by org.testng.reporters.JUnitXMLReporter -->
<testsuite ignored="0" hostname="DESKTOP-ORHFO05" failures="0" tests="3" name="Login Tests – Android" time="45.396" errors="0" timestamp="2026-06-07T00:33:08 CEST">
  <testcase classname="com.saucelabs.automation.tests.LoginTest" name="tc_login_01_validCredentials_shouldReachCatalog" time="8.036"/>
  <testcase classname="com.saucelabs.automation.tests.LoginTest" name="tc_login_02_invalidCredentials_shouldShowError" time="8.045"/>
  <testcase classname="com.saucelabs.automation.tests.LoginTest" name="tc_login_03_emptyCredentials_shouldShowError" time="7.914"/>
</testsuite> <!-- Login Tests – Android -->
