<?xml version="1.0" encoding="UTF-8"?>
<!-- Generated by org.testng.reporters.JUnitXMLReporter -->
<testsuite ignored="0" hostname="DESKTOP-ORHFO05" failures="1" tests="2" name="State Persistence Tests – Android" time="61.64" errors="0" timestamp="2026-06-07T14:29:42 CEST">
  <testcase classname="com.saucelabs.automation.tests.StatePersistenceTest" name="tc_state_01_cartPersistsAfterRestart" time="19.732">
    <failure type="org.openqa.selenium.TimeoutException" message="Expected condition failed: waiting for visibility of element located by AppiumBy.androidUIAutomator: new UiSelector().resourceId(&amp;quot;com.saucelabs.mydemoapp.android:id/productTV&amp;quot;) (tried for 15 second(s) with 500 milliseconds interval)
Build info: version: &amp;apos;4.13.0&amp;apos;, revision: &amp;apos;ba948ece5b*&amp;apos;
System info: os.name: &amp;apos;Windows 11&amp;apos;, os.arch: &amp;apos;amd64&amp;apos;, os.version: &amp;apos;10.0&amp;apos;, java.version: &amp;apos;25.0.3&amp;apos;
Driver info: io.appium.java_client.android.AndroidDriver
Capabilities {appium:app: C:\Users\agoda\Downloads\mo..., appium:appActivity: com.saucelabs.mydemoapp.and..., appium:appPackage: com.saucelabs.mydemoapp.and..., appium:autoGrantPermissions: true, appium:automationName: UiAutomator2, appium:databaseEnabled: false, appium:desired: {app: C:\Users\agoda\Downloads\mo..., appActivity: com.saucelabs.mydemoapp.and..., appPackage: com.saucelabs.mydemoapp.and..., autoGrantPermissions: true, automationName: UiAutomator2, deviceName: Galaxy, fullReset: false, newCommandTimeout: 240, noReset: false, platformName: android, platformVersion: 14}, appium:deviceApiLevel: 34, appium:deviceManufacturer: samsung, appium:deviceModel: SM-A528B, appium:deviceName: R5CR932TQ4Y, appium:deviceScreenDensity: 450, appium:deviceScreenSize: 1080x2400, appium:deviceUDID: R5CR932TQ4Y, appium:fullReset: false, appium:javascriptEnabled: true, appium:locationContextEnabled: false, appium:networkConnectionEnabled: true, appium:newCommandTimeout: 240, appium:noReset: false, appium:pixelRatio: 2.8125, appium:platformVersion: 14, appium:statBarHeight: 87, appium:takesScreenshot: true, appium:viewportRect: {height: 2313, left: 0, top: 87, width: 1080}, appium:warnings: {}, appium:webStorageEnabled: false, platformName: ANDROID}
Session ID: 206cea99-1eee-434c-bc92-4cd6a4b0f339">
      <![CDATA[org.openqa.selenium.TimeoutException: Expected condition failed: waiting for visibility of element located by AppiumBy.androidUIAutomator: new UiSelector().resourceId("com.saucelabs.mydemoapp.android:id/productTV") (tried for 15 second(s) with 500 milliseconds interval)
Build info: version: '4.13.0', revision: 'ba948ece5b*'
System info: os.name: 'Windows 11', os.arch: 'amd64', os.version: '10.0', java.version: '25.0.3'
Driver info: io.appium.java_client.android.AndroidDriver
Capabilities {appium:app: C:\Users\agoda\Downloads\mo..., appium:appActivity: com.saucelabs.mydemoapp.and..., appium:appPackage: com.saucelabs.mydemoapp.and..., appium:autoGrantPermissions: true, appium:automationName: UiAutomator2, appium:databaseEnabled: false, appium:desired: {app: C:\Users\agoda\Downloads\mo..., appActivity: com.saucelabs.mydemoapp.and..., appPackage: com.saucelabs.mydemoapp.and..., autoGrantPermissions: true, automationName: UiAutomator2, deviceName: Galaxy, fullReset: false, newCommandTimeout: 240, noReset: false, platformName: android, platformVersion: 14}, appium:deviceApiLevel: 34, appium:deviceManufacturer: samsung, appium:deviceModel: SM-A528B, appium:deviceName: R5CR932TQ4Y, appium:deviceScreenDensity: 450, appium:deviceScreenSize: 1080x2400, appium:deviceUDID: R5CR932TQ4Y, appium:fullReset: false, appium:javascriptEnabled: true, appium:locationContextEnabled: false, appium:networkConnectionEnabled: true, appium:newCommandTimeout: 240, appium:noReset: false, appium:pixelRatio: 2.8125, appium:platformVersion: 14, appium:statBarHeight: 87, appium:takesScreenshot: true, appium:viewportRect: {height: 2313, left: 0, top: 87, width: 1080}, appium:warnings: {}, appium:webStorageEnabled: false, platformName: ANDROID}
Session ID: 206cea99-1eee-434c-bc92-4cd6a4b0f339
at org.openqa.selenium.support.ui.WebDriverWait.timeoutException(WebDriverWait.java:87)
at org.openqa.selenium.support.ui.FluentWait.until(FluentWait.java:231)
at com.saucelabs.automation.screens.BasePage.waitForVisible(BasePage.java:86)
at com.saucelabs.automation.screens.CartScreen.openCart(CartScreen.java:76)
at com.saucelabs.automation.tests.StatePersistenceTest.tc_state_01_cartPersistsAfterRestart(StatePersistenceTest.java:53)
at java.base/java.util.ArrayList.forEach(ArrayList.java:1604)
... Removed 29 stack frames]]>
    </failure>
  </testcase> <!-- tc_state_01_cartPersistsAfterRestart -->
  <testcase classname="com.saucelabs.automation.tests.StatePersistenceTest" name="tc_state_02_sessionClearedAfterFullReset" time="5.838"/>
</testsuite> <!-- State Persistence Tests – Android -->
