<?xml version="1.0" encoding="UTF-8"?>
<testsuite xmlns:xsi="http://www.w3.org/2001/XMLSchema-instance" xsi:noNamespaceSchemaLocation="https://maven.apache.org/surefire/maven-surefire-plugin/xsd/surefire-test-report-3.0.xsd" version="3.0" name="TestSuite" time="206.15" tests="8" errors="0" skipped="0" failures="2">
  <properties>
[...]
</properties>
  <testcase name="tc_login_01_validCredentials_shouldReachCatalog" classname="com.saucelabs.automation.tests.LoginTest" time="8.038">
    <system-out><![CDATA[[BaseTest] system property platform = android
[BaseTest] Platform in @BeforeSuite: ANDROID
00:32:22.418 [main] &amp#27;[34mINFO &amp#27;[0;39m &amp#27;[36mc.s.automation.utils.TestListener&amp#27;[0;39m – Test suite starting – platform: ANDROID
[BaseTest] system property platform = android
[BaseTest] Platform in @BeforeMethod: ANDROID
00:32:22.831 [main] &amp#27;[34mINFO &amp#27;[0;39m &amp#27;[36mc.s.automation.driver.DriverManager&amp#27;[0;39m – Initialising ANDROID driver → http://localhost:4723
00:32:29.545 [main] &amp#27;[34mINFO &amp#27;[0;39m &amp#27;[36mc.s.automation.driver.DriverManager&amp#27;[0;39m – ANDROID driver ready. Session ID: 1c417bf8-cdda-4ea9-9b5a-000f382e46be
00:32:29.567 [main] &amp#27;[34mINFO &amp#27;[0;39m &amp#27;[36mc.s.automation.utils.TestListener&amp#27;[0;39m – ▶ START  LoginTest :: tc_login_01_validCredentials_shouldReachCatalog
[STEP] Open login screen from menu
00:32:30.851 [main] &amp#27;[34mINFO &amp#27;[0;39m &amp#27;[36mc.s.automation.screens.LoginScreen&amp#27;[0;39m – HomeScreen is displayed.
[STEP] Wait for login screen
00:32:33.615 [main] &amp#27;[34mINFO &amp#27;[0;39m &amp#27;[36mc.s.automation.screens.LoginScreen&amp#27;[0;39m – LoginScreen is displayed.
[STEP] Enter valid username: bob@example.com
[STEP] Enter valid password
00:32:33.616 [main] &amp#27;[34mINFO &amp#27;[0;39m &amp#27;[36mc.s.automation.screens.LoginScreen&amp#27;[0;39m – Logging in as 'bob@example.com'
[STEP] Verify product catalog is displayed
00:32:37.590 [main] &amp#27;[34mINFO &amp#27;[0;39m &amp#27;[36mc.s.a.screens.ProductCatalogScreen&amp#27;[0;39m – ProductCatalogScreen is displayed.
00:32:37.595 [main] &amp#27;[34mINFO &amp#27;[0;39m &amp#27;[36mc.s.automation.utils.TestListener&amp#27;[0;39m – ✅ PASS   tc_login_01_validCredentials_shouldReachCatalog
]]></system-out>
  </testcase>
  <testcase name="tc_login_02_invalidCredentials_shouldShowError" classname="com.saucelabs.automation.tests.LoginTest" time="8.046">
    <system-out><![CDATA[00:32:38.651 [main] &amp#27;[34mINFO &amp#27;[0;39m &amp#27;[36mc.s.automation.driver.DriverManager&amp#27;[0;39m – Driver session closed.
[BaseTest] system property platform = android
[BaseTest] Platform in @BeforeMethod: ANDROID
00:32:38.653 [main] &amp#27;[34mINFO &amp#27;[0;39m &amp#27;[36mc.s.automation.driver.DriverManager&amp#27;[0;39m – Initialising ANDROID driver → http://localhost:4723
00:32:44.340 [main] &amp#27;[34mINFO &amp#27;[0;39m &amp#27;[36mc.s.automation.driver.DriverManager&amp#27;[0;39m – ANDROID driver ready. Session ID: fb9e9274-15a6-4562-8d67-c4214a8478cc
00:32:44.343 [main] &amp#27;[34mINFO &amp#27;[0;39m &amp#27;[36mc.s.automation.utils.TestListener&amp#27;[0;39m – ▶ START  LoginTest :: tc_login_02_invalidCredentials_shouldShowError
[STEP] Open login screen from menu
00:32:45.809 [main] &amp#27;[34mINFO &amp#27;[0;39m &amp#27;[36mc.s.automation.screens.LoginScreen&amp#27;[0;39m – HomeScreen is displayed.
[STEP] Wait for login screen
00:32:48.432 [main] &amp#27;[34mINFO &amp#27;[0;39m &amp#27;[36mc.s.automation.screens.LoginScreen&amp#27;[0;39m – LoginScreen is displayed.
[STEP] Enter invalid username:       
00:32:48.433 [main] &amp#27;[34mINFO &amp#27;[0;39m &amp#27;[36mc.s.automation.screens.LoginScreen&amp#27;[0;39m – Logging in as '      '
[STEP] Verify error message is displayed
00:32:52.388 [main] &amp#27;[34mINFO &amp#27;[0;39m &amp#27;[36mc.s.automation.utils.TestListener&amp#27;[0;39m – ✅ PASS   tc_login_02_invalidCredentials_shouldShowError
]]></system-out>
  </testcase>
  <testcase name="tc_login_03_emptyCredentials_shouldShowError" classname="com.saucelabs.automation.tests.LoginTest" time="7.918">
    <system-out><![CDATA[00:32:53.492 [main] &amp#27;[34mINFO &amp#27;[0;39m &amp#27;[36mc.s.automation.driver.DriverManager&amp#27;[0;39m – Driver session closed.
[BaseTest] system property platform = android
[BaseTest] Platform in @BeforeMethod: ANDROID
00:32:53.494 [main] &amp#27;[34mINFO &amp#27;[0;39m &amp#27;[36mc.s.automation.driver.DriverManager&amp#27;[0;39m – Initialising ANDROID driver → http://localhost:4723
00:32:58.816 [main] &amp#27;[34mINFO &amp#27;[0;39m &amp#27;[36mc.s.automation.driver.DriverManager&amp#27;[0;39m – ANDROID driver ready. Session ID: d8bcb564-8b6b-41f8-9868-253b088cdc8f
00:32:58.832 [main] &amp#27;[34mINFO &amp#27;[0;39m &amp#27;[36mc.s.automation.utils.TestListener&amp#27;[0;39m – ▶ START  LoginTest :: tc_login_03_emptyCredentials_shouldShowError
[STEP] Open login screen from menu
00:33:00.532 [main] &amp#27;[34mINFO &amp#27;[0;39m &amp#27;[36mc.s.automation.screens.LoginScreen&amp#27;[0;39m – HomeScreen is displayed.
[STEP] Wait for login screen
00:33:03.223 [main] &amp#27;[34mINFO &amp#27;[0;39m &amp#27;[36mc.s.automation.screens.LoginScreen&amp#27;[0;39m – LoginScreen is displayed.
[STEP] Submit login form with empty username and password
00:33:03.224 [main] &amp#27;[34mINFO &amp#27;[0;39m &amp#27;[36mc.s.automation.screens.LoginScreen&amp#27;[0;39m – Logging in as ''
[STEP] Verify error message is displayed
00:33:06.748 [main] &amp#27;[34mINFO &amp#27;[0;39m &amp#27;[36mc.s.automation.utils.TestListener&amp#27;[0;39m – ✅ PASS   tc_login_03_emptyCredentials_shouldShowError
]]></system-out>
  </testcase>
  <testcase name="tc_checkout_01_fullPurchaseFlow_shouldShowConfirmation" classname="com.saucelabs.automation.tests.CheckoutTest" time="30.26">
    <system-out><![CDATA[00:33:07.807 [main] &amp#27;[34mINFO &amp#27;[0;39m &amp#27;[36mc.s.automation.driver.DriverManager&amp#27;[0;39m – Driver session closed.
00:33:08.302 [main] &amp#27;[34mINFO &amp#27;[0;39m &amp#27;[36mc.s.automation.utils.TestListener&amp#27;[0;39m – Test suite finished. Report written.
00:33:08.344 [main] &amp#27;[34mINFO &amp#27;[0;39m &amp#27;[36mc.s.automation.utils.TestListener&amp#27;[0;39m – Test suite starting – platform: ANDROID
[BaseTest] system property platform = android
[BaseTest] Platform in @BeforeMethod: ANDROID
00:33:08.349 [main] &amp#27;[34mINFO &amp#27;[0;39m &amp#27;[36mc.s.automation.driver.DriverManager&amp#27;[0;39m – Initialising ANDROID driver → http://localhost:4723
00:33:14.762 [main] &amp#27;[34mINFO &amp#27;[0;39m &amp#27;[36mc.s.automation.driver.DriverManager&amp#27;[0;39m – ANDROID driver ready. Session ID: c55f5116-24c9-4f56-93a1-1d91d30ab2ed
[STEP] Login with valid credentials
00:33:16.216 [main] &amp#27;[34mINFO &amp#27;[0;39m &amp#27;[36mc.s.automation.screens.LoginScreen&amp#27;[0;39m – HomeScreen is displayed.
00:33:18.897 [main] &amp#27;[34mINFO &amp#27;[0;39m &amp#27;[36mc.s.automation.screens.LoginScreen&amp#27;[0;39m – LoginScreen is displayed.
00:33:18.897 [main] &amp#27;[34mINFO &amp#27;[0;39m &amp#27;[36mc.s.automation.screens.LoginScreen&amp#27;[0;39m – Logging in as 'bob@example.com'
00:33:22.930 [main] &amp#27;[34mINFO &amp#27;[0;39m &amp#27;[36mc.s.a.screens.ProductCatalogScreen&amp#27;[0;39m – ProductCatalogScreen is displayed.
00:33:22.934 [main] &amp#27;[34mINFO &amp#27;[0;39m &amp#27;[36mc.s.automation.utils.TestListener&amp#27;[0;39m – ▶ START  CheckoutTest :: tc_checkout_01_fullPurchaseFlow_shouldShowConfirmation
[STEP] Open first product from catalog
[STEP] Verify product detail screen is shown
00:33:24.046 [main] &amp#27;[34mINFO &amp#27;[0;39m &amp#27;[36mc.s.a.screens.ProductDetailScreen&amp#27;[0;39m – ProductDetailScreen is displayed.
[STEP] Add product to cart
00:33:24.047 [main] &amp#27;[34mINFO &amp#27;[0;39m &amp#27;[36mc.s.a.screens.ProductDetailScreen&amp#27;[0;39m – Tapping Add To Cart
[STEP] Open cart
00:33:24.370 [main] &amp#27;[34mINFO &amp#27;[0;39m &amp#27;[36mc.s.automation.screens.CartScreen&amp#27;[0;39m – Opening cart via tab icon
[STEP] Verify cart has at least one item
[STEP] Proceed to checkout
00:33:26.105 [main] &amp#27;[34mINFO &amp#27;[0;39m &amp#27;[36mc.s.automation.screens.CartScreen&amp#27;[0;39m – Proceeding to checkout
[STEP] Fill in shipping information
00:33:26.438 [main] &amp#27;[34mINFO &amp#27;[0;39m &amp#27;[36mc.s.a.screens.CheckoutScreen&amp#27;[0;39m – Filling shipping info
[STEP] Fill in payment information
00:33:42.246 [main] &amp#27;[34mINFO &amp#27;[0;39m &amp#27;[36mc.s.a.screens.CheckoutScreen&amp#27;[0;39m – Filling payment info
[STEP] Place order
00:33:51.846 [main] &amp#27;[34mINFO &amp#27;[0;39m &amp#27;[36mc.s.a.screens.CheckoutScreen&amp#27;[0;39m – Placing order
[STEP] Verify order confirmation is displayed
00:33:52.409 [main] &amp#27;[34mINFO &amp#27;[0;39m &amp#27;[36mc.s.a.screens.CheckoutScreen&amp#27;[0;39m – Waiting for order confirmation
00:33:53.192 [main] &amp#27;[34mINFO &amp#27;[0;39m &amp#27;[36mc.s.automation.utils.TestListener&amp#27;[0;39m – ✅ PASS   tc_checkout_01_fullPurchaseFlow_shouldShowConfirmation
]]></system-out>
  </testcase>
  <testcase name="tc_checkout_02_addToCart_badgeShouldIncrement" classname="com.saucelabs.automation.tests.CheckoutTest" time="2.121">
    <system-out><![CDATA[00:33:54.365 [main] &amp#27;[34mINFO &amp#27;[0;39m &amp#27;[36mc.s.automation.driver.DriverManager&amp#27;[0;39m – Driver session closed.
[BaseTest] system property platform = android
[BaseTest] Platform in @BeforeMethod: ANDROID
00:33:54.367 [main] &amp#27;[34mINFO &amp#27;[0;39m &amp#27;[36mc.s.automation.driver.DriverManager&amp#27;[0;39m – Initialising ANDROID driver → http://localhost:4723
00:34:00.553 [main] &amp#27;[34mINFO &amp#27;[0;39m &amp#27;[36mc.s.automation.driver.DriverManager&amp#27;[0;39m – ANDROID driver ready. Session ID: 4c193653-55fe-4dbd-b607-ae4a27880713
[STEP] Login with valid credentials
00:34:02.044 [main] &amp#27;[34mINFO &amp#27;[0;39m &amp#27;[36mc.s.automation.screens.LoginScreen&amp#27;[0;39m – HomeScreen is displayed.
00:34:04.712 [main] &amp#27;[34mINFO &amp#27;[0;39m &amp#27;[36mc.s.automation.screens.LoginScreen&amp#27;[0;39m – LoginScreen is displayed.
00:34:04.713 [main] &amp#27;[34mINFO &amp#27;[0;39m &amp#27;[36mc.s.automation.screens.LoginScreen&amp#27;[0;39m – Logging in as 'bob@example.com'
00:34:09.281 [main] &amp#27;[34mINFO &amp#27;[0;39m &amp#27;[36mc.s.a.screens.ProductCatalogScreen&amp#27;[0;39m – ProductCatalogScreen is displayed.
00:34:09.282 [main] &amp#27;[34mINFO &amp#27;[0;39m &amp#27;[36mc.s.automation.utils.TestListener&amp#27;[0;39m – ▶ START  CheckoutTest :: tc_checkout_02_addToCart_badgeShouldIncrement
[STEP] Open first product
00:34:10.406 [main] &amp#27;[34mINFO &amp#27;[0;39m &amp#27;[36mc.s.a.screens.ProductDetailScreen&amp#27;[0;39m – ProductDetailScreen is displayed.
[STEP] Add product to cart
00:34:10.407 [main] &amp#27;[34mINFO &amp#27;[0;39m &amp#27;[36mc.s.a.screens.ProductDetailScreen&amp#27;[0;39m – Tapping Add To Cart
[STEP] Verify cart badge shows count ≥ 1
00:34:11.401 [main] &amp#27;[34mINFO &amp#27;[0;39m &amp#27;[36mc.s.automation.utils.TestListener&amp#27;[0;39m – ✅ PASS   tc_checkout_02_addToCart_badgeShouldIncrement
]]></system-out>
  </testcase>
  <testcase name="tc_checkout_03_cartPersistsAfterBackground" classname="com.saucelabs.automation.tests.CheckoutTest" time="8.846">
    <system-out><![CDATA[00:34:12.493 [main] &amp#27;[34mINFO &amp#27;[0;39m &amp#27;[36mc.s.automation.driver.DriverManager&amp#27;[0;39m – Driver session closed.
[BaseTest] system property platform = android
[BaseTest] Platform in @BeforeMethod: ANDROID
00:34:12.496 [main] &amp#27;[34mINFO &amp#27;[0;39m &amp#27;[36mc.s.automation.driver.DriverManager&amp#27;[0;39m – Initialising ANDROID driver → http://localhost:4723
00:34:17.500 [main] &amp#27;[34mINFO &amp#27;[0;39m &amp#27;[36mc.s.automation.driver.DriverManager&amp#27;[0;39m – ANDROID driver ready. Session ID: 4149118a-50f2-46e5-9ab3-fbd07c9916bf
[STEP] Login with valid credentials
00:34:18.969 [main] &amp#27;[34mINFO &amp#27;[0;39m &amp#27;[36mc.s.automation.screens.LoginScreen&amp#27;[0;39m – HomeScreen is displayed.
00:34:21.624 [main] &amp#27;[34mINFO &amp#27;[0;39m &amp#27;[36mc.s.automation.screens.LoginScreen&amp#27;[0;39m – LoginScreen is displayed.
00:34:21.625 [main] &amp#27;[34mINFO &amp#27;[0;39m &amp#27;[36mc.s.automation.screens.LoginScreen&amp#27;[0;39m – Logging in as 'bob@example.com'
00:34:25.628 [main] &amp#27;[34mINFO &amp#27;[0;39m &amp#27;[36mc.s.a.screens.ProductCatalogScreen&amp#27;[0;39m – ProductCatalogScreen is displayed.
00:34:25.631 [main] &amp#27;[34mINFO &amp#27;[0;39m &amp#27;[36mc.s.automation.utils.TestListener&amp#27;[0;39m – ▶ START  CheckoutTest :: tc_checkout_03_cartPersistsAfterBackground
[STEP] Open first product and add to cart
00:34:26.766 [main] &amp#27;[34mINFO &amp#27;[0;39m &amp#27;[36mc.s.a.screens.ProductDetailScreen&amp#27;[0;39m – ProductDetailScreen is displayed.
00:34:26.767 [main] &amp#27;[34mINFO &amp#27;[0;39m &amp#27;[36mc.s.a.screens.ProductDetailScreen&amp#27;[0;39m – Tapping Add To Cart
[STEP] Badge before background: 1
[STEP] Background app for 5 seconds
[STEP] App returned to foreground – verify catalog is still shown
00:34:34.354 [main] &amp#27;[34mINFO &amp#27;[0;39m &amp#27;[36mc.s.a.screens.ProductCatalogScreen&amp#27;[0;39m – ProductCatalogScreen is displayed.
[STEP] Verify cart badge count is unchanged after restore
00:34:34.476 [main] &amp#27;[34mINFO &amp#27;[0;39m &amp#27;[36mc.s.automation.utils.TestListener&amp#27;[0;39m – ✅ PASS   tc_checkout_03_cartPersistsAfterBackground
]]></system-out>
  </testcase>
  <testcase name="tc_state_01_cartPersistsAfterRestart" classname="com.saucelabs.automation.tests.StatePersistenceTest" time="19.617">
    <failure message="Expected condition failed: waiting for visibility of element located by AppiumBy.androidUIAutomator: new UiSelector().resourceId(&quot;com.saucelabs.mydemoapp.android:id/productTV&quot;) (tried for 15 second(s) with 500 milliseconds interval)&#10;Build info: version: &apos;4.13.0&apos;, revision: &apos;ba948ece5b*&apos;&#10;System info: os.name: &apos;Windows 11&apos;, os.arch: &apos;amd64&apos;, os.version: &apos;10.0&apos;, java.version: &apos;25.0.3&apos;&#10;Driver info: io.appium.java_client.android.AndroidDriver&#10;Capabilities {appium:app: C:\Users\agoda\Downloads\mo..., appium:appActivity: com.saucelabs.mydemoapp.and..., appium:appPackage: com.saucelabs.mydemoapp.and..., appium:autoGrantPermissions: true, appium:automationName: UiAutomator2, appium:databaseEnabled: false, appium:desired: {app: C:\Users\agoda\Downloads\mo..., appActivity: com.saucelabs.mydemoapp.and..., appPackage: com.saucelabs.mydemoapp.and..., autoGrantPermissions: true, automationName: UiAutomator2, deviceName: Galaxy, fullReset: false, newCommandTimeout: 240, noReset: false, platformName: android, platformVersion: 14}, appium:deviceApiLevel: 34, appium:deviceManufacturer: samsung, appium:deviceModel: SM-A528B, appium:deviceName: R5CR932TQ4Y, appium:deviceScreenDensity: 450, appium:deviceScreenSize: 1080x2400, appium:deviceUDID: R5CR932TQ4Y, appium:fullReset: false, appium:javascriptEnabled: true, appium:locationContextEnabled: false, appium:networkConnectionEnabled: true, appium:newCommandTimeout: 240, appium:noReset: false, appium:pixelRatio: 2.8125, appium:platformVersion: 14, appium:statBarHeight: 87, appium:takesScreenshot: true, appium:viewportRect: {height: 2313, left: 0, top: 87, width: 1080}, appium:warnings: {}, appium:webStorageEnabled: false, platformName: ANDROID}&#10;Session ID: d4e61c6e-be32-4847-aa1a-6b2b909a7754" type="org.openqa.selenium.TimeoutException"><![CDATA[org.openqa.selenium.TimeoutException: 
Expected condition failed: waiting for visibility of element located by AppiumBy.androidUIAutomator: new UiSelector().resourceId("com.saucelabs.mydemoapp.android:id/productTV") (tried for 15 second(s) with 500 milliseconds interval)
Build info: version: '4.13.0', revision: 'ba948ece5b*'
System info: os.name: 'Windows 11', os.arch: 'amd64', os.version: '10.0', java.version: '25.0.3'
Driver info: io.appium.java_client.android.AndroidDriver
Capabilities {appium:app: C:\Users\agoda\Downloads\mo..., appium:appActivity: com.saucelabs.mydemoapp.and..., appium:appPackage: com.saucelabs.mydemoapp.and..., appium:autoGrantPermissions: true, appium:automationName: UiAutomator2, appium:databaseEnabled: false, appium:desired: {app: C:\Users\agoda\Downloads\mo..., appActivity: com.saucelabs.mydemoapp.and..., appPackage: com.saucelabs.mydemoapp.and..., autoGrantPermissions: true, automationName: UiAutomator2, deviceName: Galaxy, fullReset: false, newCommandTimeout: 240, noReset: false, platformName: android, platformVersion: 14}, appium:deviceApiLevel: 34, appium:deviceManufacturer: samsung, appium:deviceModel: SM-A528B, appium:deviceName: R5CR932TQ4Y, appium:deviceScreenDensity: 450, appium:deviceScreenSize: 1080x2400, appium:deviceUDID: R5CR932TQ4Y, appium:fullReset: false, appium:javascriptEnabled: true, appium:locationContextEnabled: false, appium:networkConnectionEnabled: true, appium:newCommandTimeout: 240, appium:noReset: false, appium:pixelRatio: 2.8125, appium:platformVersion: 14, appium:statBarHeight: 87, appium:takesScreenshot: true, appium:viewportRect: {height: 2313, left: 0, top: 87, width: 1080}, appium:warnings: {}, appium:webStorageEnabled: false, platformName: ANDROID}
Session ID: d4e61c6e-be32-4847-aa1a-6b2b909a7754
	at org.openqa.selenium.support.ui.WebDriverWait.timeoutException(WebDriverWait.java:87)
	at org.openqa.selenium.support.ui.FluentWait.until(FluentWait.java:231)
	at com.saucelabs.automation.screens.BasePage.waitForVisible(BasePage.java:86)
	at com.saucelabs.automation.screens.CartScreen.openCart(CartScreen.java:86)
	at com.saucelabs.automation.tests.StatePersistenceTest.tc_state_01_cartPersistsAfterRestart(StatePersistenceTest.java:53)
	at java.base/jdk.internal.reflect.DirectMethodHandleAccessor.invoke(DirectMethodHandleAccessor.java:104)
	at java.base/java.lang.reflect.Method.invoke(Method.java:565)
	at org.testng.internal.invokers.MethodInvocationHelper.invokeMethod(MethodInvocationHelper.java:139)
	at org.testng.internal.invokers.TestInvoker.invokeMethod(TestInvoker.java:664)
	at org.testng.internal.invokers.TestInvoker.invokeTestMethod(TestInvoker.java:228)
	at org.testng.internal.invokers.MethodRunner.runInSequence(MethodRunner.java:63)
	at org.testng.internal.invokers.TestInvoker$MethodInvocationAgent.invoke(TestInvoker.java:961)
	at org.testng.internal.invokers.TestInvoker.invokeTestMethods(TestInvoker.java:201)
	at org.testng.internal.invokers.TestMethodWorker.invokeTestMethods(TestMethodWorker.java:148)
	at org.testng.internal.invokers.TestMethodWorker.run(TestMethodWorker.java:128)
	at java.base/java.util.ArrayList.forEach(ArrayList.java:1604)
	at org.testng.TestRunner.privateRun(TestRunner.java:819)
	at org.testng.TestRunner.run(TestRunner.java:619)
	at org.testng.SuiteRunner.runTest(SuiteRunner.java:443)
	at org.testng.SuiteRunner.runSequentially(SuiteRunner.java:437)
	at org.testng.SuiteRunner.privateRun(SuiteRunner.java:397)
	at org.testng.SuiteRunner.run(SuiteRunner.java:336)
	at org.testng.SuiteRunnerWorker.runSuite(SuiteRunnerWorker.java:52)
	at org.testng.SuiteRunnerWorker.run(SuiteRunnerWorker.java:95)
	at org.testng.TestNG.runSuitesSequentially(TestNG.java:1301)
	at org.testng.TestNG.runSuitesLocally(TestNG.java:1228)
	at org.testng.TestNG.runSuites(TestNG.java:1134)
	at org.testng.TestNG.run(TestNG.java:1101)
	at org.apache.maven.surefire.testng.TestNGExecutor.run(TestNGExecutor.java:308)
	at org.apache.maven.surefire.testng.TestNGXmlTestSuite.execute(TestNGXmlTestSuite.java:71)
	at org.apache.maven.surefire.testng.TestNGProvider.invoke(TestNGProvider.java:113)
	at org.apache.maven.surefire.booter.ForkedBooter.runSuitesInProcess(ForkedBooter.java:385)
	at org.apache.maven.surefire.booter.ForkedBooter.execute(ForkedBooter.java:162)
	at org.apache.maven.surefire.booter.ForkedBooter.run(ForkedBooter.java:507)
	at org.apache.maven.surefire.booter.ForkedBooter.main(ForkedBooter.java:495)
]]></failure>
    <system-out><![CDATA[00:34:35.609 [main] &amp#27;[34mINFO &amp#27;[0;39m &amp#27;[36mc.s.automation.driver.DriverManager&amp#27;[0;39m – Driver session closed.
00:34:35.735 [main] &amp#27;[34mINFO &amp#27;[0;39m &amp#27;[36mc.s.automation.utils.TestListener&amp#27;[0;39m – Test suite finished. Report written.
00:34:35.745 [main] &amp#27;[34mINFO &amp#27;[0;39m &amp#27;[36mc.s.automation.utils.TestListener&amp#27;[0;39m – Test suite starting – platform: ANDROID
[BaseTest] system property platform = android
[BaseTest] Platform in @BeforeMethod: ANDROID
00:34:35.748 [main] &amp#27;[34mINFO &amp#27;[0;39m &amp#27;[36mc.s.automation.driver.DriverManager&amp#27;[0;39m – Initialising ANDROID driver → http://localhost:4723
00:34:42.140 [main] &amp#27;[34mINFO &amp#27;[0;39m &amp#27;[36mc.s.automation.driver.DriverManager&amp#27;[0;39m – ANDROID driver ready. Session ID: d4e61c6e-be32-4847-aa1a-6b2b909a7754
[STEP] Login and add one item to cart
00:34:43.667 [main] &amp#27;[34mINFO &amp#27;[0;39m &amp#27;[36mc.s.automation.screens.LoginScreen&amp#27;[0;39m – HomeScreen is displayed.
00:34:46.289 [main] &amp#27;[34mINFO &amp#27;[0;39m &amp#27;[36mc.s.automation.screens.LoginScreen&amp#27;[0;39m – LoginScreen is displayed.
00:34:46.291 [main] &amp#27;[34mINFO &amp#27;[0;39m &amp#27;[36mc.s.automation.screens.LoginScreen&amp#27;[0;39m – Logging in as 'bob@example.com'
00:34:50.151 [main] &amp#27;[34mINFO &amp#27;[0;39m &amp#27;[36mc.s.a.screens.ProductCatalogScreen&amp#27;[0;39m – ProductCatalogScreen is displayed.
00:34:51.180 [main] &amp#27;[34mINFO &amp#27;[0;39m &amp#27;[36mc.s.a.screens.ProductDetailScreen&amp#27;[0;39m – ProductDetailScreen is displayed.
00:34:51.181 [main] &amp#27;[34mINFO &amp#27;[0;39m &amp#27;[36mc.s.a.screens.ProductDetailScreen&amp#27;[0;39m – Tapping Add To Cart
00:34:51.454 [main] &amp#27;[34mINFO &amp#27;[0;39m &amp#27;[36mc.s.automation.utils.TestListener&amp#27;[0;39m – ▶ START  StatePersistenceTest :: tc_state_01_cartPersistsAfterRestart
[STEP] Cart badge before restart: 1
[STEP] Restart the app (terminate + relaunch)
[STEP] Wait for login screen or catalog after restart
00:34:55.231 [main] &amp#27;[34mINFO &amp#27;[0;39m &amp#27;[36mc.s.a.screens.ProductCatalogScreen&amp#27;[0;39m – ProductCatalogScreen is displayed.
[STEP] Auto-logged in after restart
[STEP] Open cart and verify item count is preserved
00:34:55.233 [main] &amp#27;[34mINFO &amp#27;[0;39m &amp#27;[36mc.s.automation.screens.CartScreen&amp#27;[0;39m – Opening cart via tab icon
00:35:11.061 [main] &amp#27;[1;31mERROR&amp#27;[0;39m &amp#27;[36mc.s.automation.utils.TestListener&amp#27;[0;39m – ❌ FAIL   tc_state_01_cartPersistsAfterRestart – Expected condition failed: waiting for visibility of element located by AppiumBy.androidUIAutomator: new UiSelector().resourceId("com.saucelabs.mydemoapp.android:id/productTV") (tried for 15 second(s) with 500 milliseconds interval)
Build info: version: '4.13.0', revision: 'ba948ece5b*'
System info: os.name: 'Windows 11', os.arch: 'amd64', os.version: '10.0', java.version: '25.0.3'
Driver info: io.appium.java_client.android.AndroidDriver
Capabilities {appium:app: C:\Users\agoda\Downloads\mo..., appium:appActivity: com.saucelabs.mydemoapp.and..., appium:appPackage: com.saucelabs.mydemoapp.and..., appium:autoGrantPermissions: true, appium:automationName: UiAutomator2, appium:databaseEnabled: false, appium:desired: {app: C:\Users\agoda\Downloads\mo..., appActivity: com.saucelabs.mydemoapp.and..., appPackage: com.saucelabs.mydemoapp.and..., autoGrantPermissions: true, automationName: UiAutomator2, deviceName: Galaxy, fullReset: false, newCommandTimeout: 240, noReset: false, platformName: android, platformVersion: 14}, appium:deviceApiLevel: 34, appium:deviceManufacturer: samsung, appium:deviceModel: SM-A528B, appium:deviceName: R5CR932TQ4Y, appium:deviceScreenDensity: 450, appium:deviceScreenSize: 1080x2400, appium:deviceUDID: R5CR932TQ4Y, appium:fullReset: false, appium:javascriptEnabled: true, appium:locationContextEnabled: false, appium:networkConnectionEnabled: true, appium:newCommandTimeout: 240, appium:noReset: false, appium:pixelRatio: 2.8125, appium:platformVersion: 14, appium:statBarHeight: 87, appium:takesScreenshot: true, appium:viewportRect: {height: 2313, left: 0, top: 87, width: 1080}, appium:warnings: {}, appium:webStorageEnabled: false, platformName: ANDROID}
Session ID: d4e61c6e-be32-4847-aa1a-6b2b909a7754
00:35:11.063 [main] &amp#27;[31mWARN &amp#27;[0;39m &amp#27;[36mc.s.automation.utils.TestListener&amp#27;[0;39m – No screenshot found – ensure captureScreenshot() is called in tearDown()
]]></system-out>
  </testcase>
  <testcase name="tc_state_02_sessionClearedAfterFullReset" classname="com.saucelabs.automation.tests.StatePersistenceTest" time="17.028">
    <failure message="Expected condition failed: waiting for visibility of element located by AppiumBy.androidUIAutomator: new UiSelector().resourceId(&quot;com.saucelabs.mydemoapp.android:id/nameET&quot;) (tried for 15 second(s) with 500 milliseconds interval)&#10;Build info: version: &apos;4.13.0&apos;, revision: &apos;ba948ece5b*&apos;&#10;System info: os.name: &apos;Windows 11&apos;, os.arch: &apos;amd64&apos;, os.version: &apos;10.0&apos;, java.version: &apos;25.0.3&apos;&#10;Driver info: io.appium.java_client.android.AndroidDriver&#10;Capabilities {appium:app: C:\Users\agoda\Downloads\mo..., appium:appActivity: com.saucelabs.mydemoapp.and..., appium:appPackage: com.saucelabs.mydemoapp.and..., appium:autoGrantPermissions: true, appium:automationName: UiAutomator2, appium:databaseEnabled: false, appium:desired: {app: C:\Users\agoda\Downloads\mo..., appActivity: com.saucelabs.mydemoapp.and..., appPackage: com.saucelabs.mydemoapp.and..., autoGrantPermissions: true, automationName: UiAutomator2, deviceName: Galaxy, fullReset: false, newCommandTimeout: 240, noReset: false, platformName: android, platformVersion: 14}, appium:deviceApiLevel: 34, appium:deviceManufacturer: samsung, appium:deviceModel: SM-A528B, appium:deviceName: R5CR932TQ4Y, appium:deviceScreenDensity: 450, appium:deviceScreenSize: 1080x2400, appium:deviceUDID: R5CR932TQ4Y, appium:fullReset: false, appium:javascriptEnabled: true, appium:locationContextEnabled: false, appium:networkConnectionEnabled: true, appium:newCommandTimeout: 240, appium:noReset: false, appium:pixelRatio: 2.8125, appium:platformVersion: 14, appium:statBarHeight: 87, appium:takesScreenshot: true, appium:viewportRect: {height: 2313, left: 0, top: 87, width: 1080}, appium:warnings: {}, appium:webStorageEnabled: false, platformName: ANDROID}&#10;Session ID: ef3f1113-7658-4e66-8307-4823f33d180b" type="org.openqa.selenium.TimeoutException"><![CDATA[org.openqa.selenium.TimeoutException: 
Expected condition failed: waiting for visibility of element located by AppiumBy.androidUIAutomator: new UiSelector().resourceId("com.saucelabs.mydemoapp.android:id/nameET") (tried for 15 second(s) with 500 milliseconds interval)
Build info: version: '4.13.0', revision: 'ba948ece5b*'
System info: os.name: 'Windows 11', os.arch: 'amd64', os.version: '10.0', java.version: '25.0.3'
Driver info: io.appium.java_client.android.AndroidDriver
Capabilities {appium:app: C:\Users\agoda\Downloads\mo..., appium:appActivity: com.saucelabs.mydemoapp.and..., appium:appPackage: com.saucelabs.mydemoapp.and..., appium:autoGrantPermissions: true, appium:automationName: UiAutomator2, appium:databaseEnabled: false, appium:desired: {app: C:\Users\agoda\Downloads\mo..., appActivity: com.saucelabs.mydemoapp.and..., appPackage: com.saucelabs.mydemoapp.and..., autoGrantPermissions: true, automationName: UiAutomator2, deviceName: Galaxy, fullReset: false, newCommandTimeout: 240, noReset: false, platformName: android, platformVersion: 14}, appium:deviceApiLevel: 34, appium:deviceManufacturer: samsung, appium:deviceModel: SM-A528B, appium:deviceName: R5CR932TQ4Y, appium:deviceScreenDensity: 450, appium:deviceScreenSize: 1080x2400, appium:deviceUDID: R5CR932TQ4Y, appium:fullReset: false, appium:javascriptEnabled: true, appium:locationContextEnabled: false, appium:networkConnectionEnabled: true, appium:newCommandTimeout: 240, appium:noReset: false, appium:pixelRatio: 2.8125, appium:platformVersion: 14, appium:statBarHeight: 87, appium:takesScreenshot: true, appium:viewportRect: {height: 2313, left: 0, top: 87, width: 1080}, appium:warnings: {}, appium:webStorageEnabled: false, platformName: ANDROID}
Session ID: ef3f1113-7658-4e66-8307-4823f33d180b
	at org.openqa.selenium.support.ui.WebDriverWait.timeoutException(WebDriverWait.java:87)
	at org.openqa.selenium.support.ui.FluentWait.until(FluentWait.java:231)
	at com.saucelabs.automation.screens.BasePage.waitForVisible(BasePage.java:86)
	at com.saucelabs.automation.screens.LoginScreen.waitForScreen(LoginScreen.java:75)
	at com.saucelabs.automation.tests.StatePersistenceTest.tc_state_02_sessionClearedAfterFullReset(StatePersistenceTest.java:84)
	at java.base/jdk.internal.reflect.DirectMethodHandleAccessor.invoke(DirectMethodHandleAccessor.java:104)
	at java.base/java.lang.reflect.Method.invoke(Method.java:565)
	at org.testng.internal.invokers.MethodInvocationHelper.invokeMethod(MethodInvocationHelper.java:139)
	at org.testng.internal.invokers.TestInvoker.invokeMethod(TestInvoker.java:664)
	at org.testng.internal.invokers.TestInvoker.invokeTestMethod(TestInvoker.java:228)
	at org.testng.internal.invokers.MethodRunner.runInSequence(MethodRunner.java:63)
	at org.testng.internal.invokers.TestInvoker$MethodInvocationAgent.invoke(TestInvoker.java:961)
	at org.testng.internal.invokers.TestInvoker.invokeTestMethods(TestInvoker.java:201)
	at org.testng.internal.invokers.TestMethodWorker.invokeTestMethods(TestMethodWorker.java:148)
	at org.testng.internal.invokers.TestMethodWorker.run(TestMethodWorker.java:128)
	at java.base/java.util.ArrayList.forEach(ArrayList.java:1604)
	at org.testng.TestRunner.privateRun(TestRunner.java:819)
	at org.testng.TestRunner.run(TestRunner.java:619)
	at org.testng.SuiteRunner.runTest(SuiteRunner.java:443)
	at org.testng.SuiteRunner.runSequentially(SuiteRunner.java:437)
	at org.testng.SuiteRunner.privateRun(SuiteRunner.java:397)
	at org.testng.SuiteRunner.run(SuiteRunner.java:336)
	at org.testng.SuiteRunnerWorker.runSuite(SuiteRunnerWorker.java:52)
	at org.testng.SuiteRunnerWorker.run(SuiteRunnerWorker.java:95)
	at org.testng.TestNG.runSuitesSequentially(TestNG.java:1301)
	at org.testng.TestNG.runSuitesLocally(TestNG.java:1228)
	at org.testng.TestNG.runSuites(TestNG.java:1134)
	at org.testng.TestNG.run(TestNG.java:1101)
	at org.apache.maven.surefire.testng.TestNGExecutor.run(TestNGExecutor.java:308)
	at org.apache.maven.surefire.testng.TestNGXmlTestSuite.execute(TestNGXmlTestSuite.java:71)
	at org.apache.maven.surefire.testng.TestNGProvider.invoke(TestNGProvider.java:113)
	at org.apache.maven.surefire.booter.ForkedBooter.runSuitesInProcess(ForkedBooter.java:385)
	at org.apache.maven.surefire.booter.ForkedBooter.execute(ForkedBooter.java:162)
	at org.apache.maven.surefire.booter.ForkedBooter.run(ForkedBooter.java:507)
	at org.apache.maven.surefire.booter.ForkedBooter.main(ForkedBooter.java:495)
]]></failure>
    <system-out><![CDATA[00:35:11.509 [main] &amp#27;[34mINFO &amp#27;[0;39m &amp#27;[36mc.s.automation.utils.TestListener&amp#27;[0;39m – Screenshot captured for: tc_state_01_cartPersistsAfterRestart
00:35:12.650 [main] &amp#27;[34mINFO &amp#27;[0;39m &amp#27;[36mc.s.automation.driver.DriverManager&amp#27;[0;39m – Driver session closed.
[BaseTest] system property platform = android
[BaseTest] Platform in @BeforeMethod: ANDROID
00:35:12.651 [main] &amp#27;[34mINFO &amp#27;[0;39m &amp#27;[36mc.s.automation.driver.DriverManager&amp#27;[0;39m – Initialising ANDROID driver → http://localhost:4723
00:35:18.790 [main] &amp#27;[34mINFO &amp#27;[0;39m &amp#27;[36mc.s.automation.driver.DriverManager&amp#27;[0;39m – ANDROID driver ready. Session ID: ef3f1113-7658-4e66-8307-4823f33d180b
[STEP] Login and add one item to cart
00:35:20.316 [main] &amp#27;[34mINFO &amp#27;[0;39m &amp#27;[36mc.s.automation.screens.LoginScreen&amp#27;[0;39m – HomeScreen is displayed.
00:35:22.987 [main] &amp#27;[34mINFO &amp#27;[0;39m &amp#27;[36mc.s.automation.screens.LoginScreen&amp#27;[0;39m – LoginScreen is displayed.
00:35:22.987 [main] &amp#27;[34mINFO &amp#27;[0;39m &amp#27;[36mc.s.automation.screens.LoginScreen&amp#27;[0;39m – Logging in as 'bob@example.com'
00:35:26.951 [main] &amp#27;[34mINFO &amp#27;[0;39m &amp#27;[36mc.s.a.screens.ProductCatalogScreen&amp#27;[0;39m – ProductCatalogScreen is displayed.
00:35:28.035 [main] &amp#27;[34mINFO &amp#27;[0;39m &amp#27;[36mc.s.a.screens.ProductDetailScreen&amp#27;[0;39m – ProductDetailScreen is displayed.
00:35:28.035 [main] &amp#27;[34mINFO &amp#27;[0;39m &amp#27;[36mc.s.a.screens.ProductDetailScreen&amp#27;[0;39m – Tapping Add To Cart
00:35:28.366 [main] &amp#27;[34mINFO &amp#27;[0;39m &amp#27;[36mc.s.automation.utils.TestListener&amp#27;[0;39m – ▶ START  StatePersistenceTest :: tc_state_02_sessionClearedAfterFullReset
[STEP] Verify user is currently on catalog (logged in)
00:35:29.066 [main] &amp#27;[34mINFO &amp#27;[0;39m &amp#27;[36mc.s.a.screens.ProductCatalogScreen&amp#27;[0;39m – ProductCatalogScreen is displayed.
[STEP] Terminate the app
[STEP] Re-launch the app
[STEP] Verify login screen is shown (session was not retained)
00:35:45.390 [main] &amp#27;[1;31mERROR&amp#27;[0;39m &amp#27;[36mc.s.automation.utils.TestListener&amp#27;[0;39m – ❌ FAIL   tc_state_02_sessionClearedAfterFullReset – Expected condition failed: waiting for visibility of element located by AppiumBy.androidUIAutomator: new UiSelector().resourceId("com.saucelabs.mydemoapp.android:id/nameET") (tried for 15 second(s) with 500 milliseconds interval)
Build info: version: '4.13.0', revision: 'ba948ece5b*'
System info: os.name: 'Windows 11', os.arch: 'amd64', os.version: '10.0', java.version: '25.0.3'
Driver info: io.appium.java_client.android.AndroidDriver
Capabilities {appium:app: C:\Users\agoda\Downloads\mo..., appium:appActivity: com.saucelabs.mydemoapp.and..., appium:appPackage: com.saucelabs.mydemoapp.and..., appium:autoGrantPermissions: true, appium:automationName: UiAutomator2, appium:databaseEnabled: false, appium:desired: {app: C:\Users\agoda\Downloads\mo..., appActivity: com.saucelabs.mydemoapp.and..., appPackage: com.saucelabs.mydemoapp.and..., autoGrantPermissions: true, automationName: UiAutomator2, deviceName: Galaxy, fullReset: false, newCommandTimeout: 240, noReset: false, platformName: android, platformVersion: 14}, appium:deviceApiLevel: 34, appium:deviceManufacturer: samsung, appium:deviceModel: SM-A528B, appium:deviceName: R5CR932TQ4Y, appium:deviceScreenDensity: 450, appium:deviceScreenSize: 1080x2400, appium:deviceUDID: R5CR932TQ4Y, appium:fullReset: false, appium:javascriptEnabled: true, appium:locationContextEnabled: false, appium:networkConnectionEnabled: true, appium:newCommandTimeout: 240, appium:noReset: false, appium:pixelRatio: 2.8125, appium:platformVersion: 14, appium:statBarHeight: 87, appium:takesScreenshot: true, appium:viewportRect: {height: 2313, left: 0, top: 87, width: 1080}, appium:warnings: {}, appium:webStorageEnabled: false, platformName: ANDROID}
Session ID: ef3f1113-7658-4e66-8307-4823f33d180b
00:35:45.391 [main] &amp#27;[31mWARN &amp#27;[0;39m &amp#27;[36mc.s.automation.utils.TestListener&amp#27;[0;39m – No screenshot found – ensure captureScreenshot() is called in tearDown()
]]></system-out>
  </testcase>
</testsuite>