<?xml version="1.0" encoding="UTF-8"?>
<testsuite xmlns:xsi="http://www.w3.org/2001/XMLSchema-instance" xsi:noNamespaceSchemaLocation="https://maven.apache.org/surefire/maven-surefire-plugin/xsd/surefire-test-report-3.0.xsd" version="3.0" name="TestSuite" time="208.603" tests="8" errors="0" skipped="0" failures="1">
  <properties>
[...]
</properties>
  <testcase name="tc_login_01_validCredentials_shouldReachCatalog" classname="com.saucelabs.automation.tests.LoginTest" time="8.163">
    <system-out><![CDATA[[BaseTest] system property platform = android
[BaseTest] Platform in @BeforeSuite: ANDROID
14:26:15.059 [main] &amp#27;[34mINFO &amp#27;[0;39m &amp#27;[36mc.s.automation.utils.TestListener&amp#27;[0;39m – Test suite starting – platform: ANDROID
[BaseTest] system property platform = android
[BaseTest] Platform in @BeforeMethod: ANDROID
14:26:15.459 [main] &amp#27;[34mINFO &amp#27;[0;39m &amp#27;[36mc.s.automation.driver.DriverManager&amp#27;[0;39m – Initialising ANDROID driver → http://localhost:4723
14:26:26.317 [main] &amp#27;[34mINFO &amp#27;[0;39m &amp#27;[36mc.s.automation.driver.DriverManager&amp#27;[0;39m – ANDROID driver ready. Session ID: 9f0d5dc5-22bd-4f09-957a-a9e8f0aba760
14:26:26.338 [main] &amp#27;[34mINFO &amp#27;[0;39m &amp#27;[36mc.s.automation.utils.TestListener&amp#27;[0;39m – ▶ START  LoginTest :: tc_login_01_validCredentials_shouldReachCatalog
[STEP] Open login screen from menu
14:26:27.657 [main] &amp#27;[34mINFO &amp#27;[0;39m &amp#27;[36mc.s.automation.screens.LoginScreen&amp#27;[0;39m – HomeScreen is displayed.
[STEP] Wait for login screen
14:26:30.417 [main] &amp#27;[34mINFO &amp#27;[0;39m &amp#27;[36mc.s.automation.screens.LoginScreen&amp#27;[0;39m – LoginScreen is displayed.
[STEP] Enter valid username: bob@example.com
[STEP] Enter valid password
14:26:30.418 [main] &amp#27;[34mINFO &amp#27;[0;39m &amp#27;[36mc.s.automation.screens.LoginScreen&amp#27;[0;39m – Logging in as 'bob@example.com'
[STEP] Verify product catalog is displayed
14:26:34.481 [main] &amp#27;[34mINFO &amp#27;[0;39m &amp#27;[36mc.s.a.screens.ProductCatalogScreen&amp#27;[0;39m – ProductCatalogScreen is displayed.
14:26:34.488 [main] &amp#27;[34mINFO &amp#27;[0;39m &amp#27;[36mc.s.automation.utils.TestListener&amp#27;[0;39m – ✅ PASS   tc_login_01_validCredentials_shouldReachCatalog
]]></system-out>
  </testcase>
  <testcase name="tc_login_02_invalidCredentials_shouldShowError" classname="com.saucelabs.automation.tests.LoginTest" time="7.81">
    <system-out><![CDATA[14:26:35.726 [main] &amp#27;[34mINFO &amp#27;[0;39m &amp#27;[36mc.s.automation.driver.DriverManager&amp#27;[0;39m – Driver session closed.
[BaseTest] system property platform = android
[BaseTest] Platform in @BeforeMethod: ANDROID
14:26:35.732 [main] &amp#27;[34mINFO &amp#27;[0;39m &amp#27;[36mc.s.automation.driver.DriverManager&amp#27;[0;39m – Initialising ANDROID driver → http://localhost:4723
14:26:43.348 [main] &amp#27;[34mINFO &amp#27;[0;39m &amp#27;[36mc.s.automation.driver.DriverManager&amp#27;[0;39m – ANDROID driver ready. Session ID: 354042c5-f84d-412c-b138-5bd783e837e9
14:26:43.349 [main] &amp#27;[34mINFO &amp#27;[0;39m &amp#27;[36mc.s.automation.utils.TestListener&amp#27;[0;39m – ▶ START  LoginTest :: tc_login_02_invalidCredentials_shouldShowError
[STEP] Open login screen from menu
14:26:44.812 [main] &amp#27;[34mINFO &amp#27;[0;39m &amp#27;[36mc.s.automation.screens.LoginScreen&amp#27;[0;39m – HomeScreen is displayed.
[STEP] Wait for login screen
14:26:47.506 [main] &amp#27;[34mINFO &amp#27;[0;39m &amp#27;[36mc.s.automation.screens.LoginScreen&amp#27;[0;39m – LoginScreen is displayed.
[STEP] Enter invalid username:       
14:26:47.508 [main] &amp#27;[34mINFO &amp#27;[0;39m &amp#27;[36mc.s.automation.screens.LoginScreen&amp#27;[0;39m – Logging in as '      '
[STEP] Verify error message is displayed
14:26:51.157 [main] &amp#27;[34mINFO &amp#27;[0;39m &amp#27;[36mc.s.automation.utils.TestListener&amp#27;[0;39m – ✅ PASS   tc_login_02_invalidCredentials_shouldShowError
]]></system-out>
  </testcase>
  <testcase name="tc_login_03_emptyCredentials_shouldShowError" classname="com.saucelabs.automation.tests.LoginTest" time="7.838">
    <system-out><![CDATA[14:26:52.312 [main] &amp#27;[34mINFO &amp#27;[0;39m &amp#27;[36mc.s.automation.driver.DriverManager&amp#27;[0;39m – Driver session closed.
[BaseTest] system property platform = android
[BaseTest] Platform in @BeforeMethod: ANDROID
14:26:52.317 [main] &amp#27;[34mINFO &amp#27;[0;39m &amp#27;[36mc.s.automation.driver.DriverManager&amp#27;[0;39m – Initialising ANDROID driver → http://localhost:4723
14:27:00.409 [main] &amp#27;[34mINFO &amp#27;[0;39m &amp#27;[36mc.s.automation.driver.DriverManager&amp#27;[0;39m – ANDROID driver ready. Session ID: 6d24247c-ab05-401d-974e-00183340307f
14:27:00.411 [main] &amp#27;[34mINFO &amp#27;[0;39m &amp#27;[36mc.s.automation.utils.TestListener&amp#27;[0;39m – ▶ START  LoginTest :: tc_login_03_emptyCredentials_shouldShowError
[STEP] Open login screen from menu
14:27:01.925 [main] &amp#27;[34mINFO &amp#27;[0;39m &amp#27;[36mc.s.automation.screens.LoginScreen&amp#27;[0;39m – HomeScreen is displayed.
[STEP] Wait for login screen
14:27:04.683 [main] &amp#27;[34mINFO &amp#27;[0;39m &amp#27;[36mc.s.automation.screens.LoginScreen&amp#27;[0;39m – LoginScreen is displayed.
[STEP] Submit login form with empty username and password
14:27:04.685 [main] &amp#27;[34mINFO &amp#27;[0;39m &amp#27;[36mc.s.automation.screens.LoginScreen&amp#27;[0;39m – Logging in as ''
[STEP] Verify error message is displayed
14:27:08.247 [main] &amp#27;[34mINFO &amp#27;[0;39m &amp#27;[36mc.s.automation.utils.TestListener&amp#27;[0;39m – ✅ PASS   tc_login_03_emptyCredentials_shouldShowError
]]></system-out>
  </testcase>
  <testcase name="tc_checkout_01_fullPurchaseFlow_shouldShowConfirmation" classname="com.saucelabs.automation.tests.CheckoutTest" time="29.996">
    <system-out><![CDATA[14:27:09.495 [main] &amp#27;[34mINFO &amp#27;[0;39m &amp#27;[36mc.s.automation.driver.DriverManager&amp#27;[0;39m – Driver session closed.
14:27:10.002 [main] &amp#27;[34mINFO &amp#27;[0;39m &amp#27;[36mc.s.automation.utils.TestListener&amp#27;[0;39m – Test suite finished. Report written.
14:27:10.043 [main] &amp#27;[34mINFO &amp#27;[0;39m &amp#27;[36mc.s.automation.utils.TestListener&amp#27;[0;39m – Test suite starting – platform: ANDROID
[BaseTest] system property platform = android
[BaseTest] Platform in @BeforeMethod: ANDROID
14:27:10.047 [main] &amp#27;[34mINFO &amp#27;[0;39m &amp#27;[36mc.s.automation.driver.DriverManager&amp#27;[0;39m – Initialising ANDROID driver → http://localhost:4723
14:27:17.641 [main] &amp#27;[34mINFO &amp#27;[0;39m &amp#27;[36mc.s.automation.driver.DriverManager&amp#27;[0;39m – ANDROID driver ready. Session ID: f1bf2c66-38a0-4fcd-9e89-0148ff31cd69
[STEP] Login with valid credentials
14:27:19.105 [main] &amp#27;[34mINFO &amp#27;[0;39m &amp#27;[36mc.s.automation.screens.LoginScreen&amp#27;[0;39m – HomeScreen is displayed.
14:27:21.803 [main] &amp#27;[34mINFO &amp#27;[0;39m &amp#27;[36mc.s.automation.screens.LoginScreen&amp#27;[0;39m – LoginScreen is displayed.
14:27:21.803 [main] &amp#27;[34mINFO &amp#27;[0;39m &amp#27;[36mc.s.automation.screens.LoginScreen&amp#27;[0;39m – Logging in as 'bob@example.com'
14:27:25.823 [main] &amp#27;[34mINFO &amp#27;[0;39m &amp#27;[36mc.s.a.screens.ProductCatalogScreen&amp#27;[0;39m – ProductCatalogScreen is displayed.
14:27:25.827 [main] &amp#27;[34mINFO &amp#27;[0;39m &amp#27;[36mc.s.automation.utils.TestListener&amp#27;[0;39m – ▶ START  CheckoutTest :: tc_checkout_01_fullPurchaseFlow_shouldShowConfirmation
[STEP] Open first product from catalog
[STEP] Verify product detail screen is shown
14:27:26.991 [main] &amp#27;[34mINFO &amp#27;[0;39m &amp#27;[36mc.s.a.screens.ProductDetailScreen&amp#27;[0;39m – ProductDetailScreen is displayed.
[STEP] Add product to cart
14:27:26.992 [main] &amp#27;[34mINFO &amp#27;[0;39m &amp#27;[36mc.s.a.screens.ProductDetailScreen&amp#27;[0;39m – Tapping Add To Cart
[STEP] Open cart
14:27:27.903 [main] &amp#27;[34mINFO &amp#27;[0;39m &amp#27;[36mc.s.automation.screens.CartScreen&amp#27;[0;39m – Opening cart via tab icon
[STEP] Verify cart has at least one item
[STEP] Proceed to checkout
14:27:29.106 [main] &amp#27;[34mINFO &amp#27;[0;39m &amp#27;[36mc.s.automation.screens.CartScreen&amp#27;[0;39m – Proceeding to checkout
[STEP] Fill in shipping information
14:27:29.452 [main] &amp#27;[34mINFO &amp#27;[0;39m &amp#27;[36mc.s.a.screens.CheckoutScreen&amp#27;[0;39m – Filling shipping info
[STEP] Fill in payment information
14:27:45.053 [main] &amp#27;[34mINFO &amp#27;[0;39m &amp#27;[36mc.s.a.screens.CheckoutScreen&amp#27;[0;39m – Filling payment info
[STEP] Place order
14:27:54.363 [main] &amp#27;[34mINFO &amp#27;[0;39m &amp#27;[36mc.s.a.screens.CheckoutScreen&amp#27;[0;39m – Placing order
[STEP] Verify order confirmation is displayed
14:27:54.999 [main] &amp#27;[34mINFO &amp#27;[0;39m &amp#27;[36mc.s.a.screens.CheckoutScreen&amp#27;[0;39m – Waiting for order confirmation
14:27:55.822 [main] &amp#27;[34mINFO &amp#27;[0;39m &amp#27;[36mc.s.automation.utils.TestListener&amp#27;[0;39m – ✅ PASS   tc_checkout_01_fullPurchaseFlow_shouldShowConfirmation
]]></system-out>
  </testcase>
  <testcase name="tc_checkout_02_addToCart_badgeShouldIncrement" classname="com.saucelabs.automation.tests.CheckoutTest" time="2.187">
    <system-out><![CDATA[14:27:57.034 [main] &amp#27;[34mINFO &amp#27;[0;39m &amp#27;[36mc.s.automation.driver.DriverManager&amp#27;[0;39m – Driver session closed.
[BaseTest] system property platform = android
[BaseTest] Platform in @BeforeMethod: ANDROID
14:27:57.038 [main] &amp#27;[34mINFO &amp#27;[0;39m &amp#27;[36mc.s.automation.driver.DriverManager&amp#27;[0;39m – Initialising ANDROID driver → http://localhost:4723
14:28:04.046 [main] &amp#27;[34mINFO &amp#27;[0;39m &amp#27;[36mc.s.automation.driver.DriverManager&amp#27;[0;39m – ANDROID driver ready. Session ID: b9be141c-a452-4623-b423-ca6c77c9fb1f
[STEP] Login with valid credentials
14:28:05.523 [main] &amp#27;[34mINFO &amp#27;[0;39m &amp#27;[36mc.s.automation.screens.LoginScreen&amp#27;[0;39m – HomeScreen is displayed.
14:28:08.205 [main] &amp#27;[34mINFO &amp#27;[0;39m &amp#27;[36mc.s.automation.screens.LoginScreen&amp#27;[0;39m – LoginScreen is displayed.
14:28:08.206 [main] &amp#27;[34mINFO &amp#27;[0;39m &amp#27;[36mc.s.automation.screens.LoginScreen&amp#27;[0;39m – Logging in as 'bob@example.com'
14:28:12.163 [main] &amp#27;[34mINFO &amp#27;[0;39m &amp#27;[36mc.s.a.screens.ProductCatalogScreen&amp#27;[0;39m – ProductCatalogScreen is displayed.
14:28:12.164 [main] &amp#27;[34mINFO &amp#27;[0;39m &amp#27;[36mc.s.automation.utils.TestListener&amp#27;[0;39m – ▶ START  CheckoutTest :: tc_checkout_02_addToCart_badgeShouldIncrement
[STEP] Open first product
14:28:13.291 [main] &amp#27;[34mINFO &amp#27;[0;39m &amp#27;[36mc.s.a.screens.ProductDetailScreen&amp#27;[0;39m – ProductDetailScreen is displayed.
[STEP] Add product to cart
14:28:13.293 [main] &amp#27;[34mINFO &amp#27;[0;39m &amp#27;[36mc.s.a.screens.ProductDetailScreen&amp#27;[0;39m – Tapping Add To Cart
[STEP] Verify cart badge shows count ≥ 1
14:28:14.352 [main] &amp#27;[34mINFO &amp#27;[0;39m &amp#27;[36mc.s.automation.utils.TestListener&amp#27;[0;39m – ✅ PASS   tc_checkout_02_addToCart_badgeShouldIncrement
]]></system-out>
  </testcase>
  <testcase name="tc_checkout_03_cartPersistsAfterBackground" classname="com.saucelabs.automation.tests.CheckoutTest" time="8.913">
    <system-out><![CDATA[14:28:15.511 [main] &amp#27;[34mINFO &amp#27;[0;39m &amp#27;[36mc.s.automation.driver.DriverManager&amp#27;[0;39m – Driver session closed.
[BaseTest] system property platform = android
[BaseTest] Platform in @BeforeMethod: ANDROID
14:28:15.515 [main] &amp#27;[34mINFO &amp#27;[0;39m &amp#27;[36mc.s.automation.driver.DriverManager&amp#27;[0;39m – Initialising ANDROID driver → http://localhost:4723
14:28:22.137 [main] &amp#27;[34mINFO &amp#27;[0;39m &amp#27;[36mc.s.automation.driver.DriverManager&amp#27;[0;39m – ANDROID driver ready. Session ID: d202586d-d1c9-43c2-a733-0ccff4ded6ef
[STEP] Login with valid credentials
14:28:23.641 [main] &amp#27;[34mINFO &amp#27;[0;39m &amp#27;[36mc.s.automation.screens.LoginScreen&amp#27;[0;39m – HomeScreen is displayed.
14:28:26.326 [main] &amp#27;[34mINFO &amp#27;[0;39m &amp#27;[36mc.s.automation.screens.LoginScreen&amp#27;[0;39m – LoginScreen is displayed.
14:28:26.327 [main] &amp#27;[34mINFO &amp#27;[0;39m &amp#27;[36mc.s.automation.screens.LoginScreen&amp#27;[0;39m – Logging in as 'bob@example.com'
14:28:30.313 [main] &amp#27;[34mINFO &amp#27;[0;39m &amp#27;[36mc.s.a.screens.ProductCatalogScreen&amp#27;[0;39m – ProductCatalogScreen is displayed.
14:28:30.315 [main] &amp#27;[34mINFO &amp#27;[0;39m &amp#27;[36mc.s.automation.utils.TestListener&amp#27;[0;39m – ▶ START  CheckoutTest :: tc_checkout_03_cartPersistsAfterBackground
[STEP] Open first product and add to cart
14:28:31.413 [main] &amp#27;[34mINFO &amp#27;[0;39m &amp#27;[36mc.s.a.screens.ProductDetailScreen&amp#27;[0;39m – ProductDetailScreen is displayed.
14:28:31.414 [main] &amp#27;[34mINFO &amp#27;[0;39m &amp#27;[36mc.s.a.screens.ProductDetailScreen&amp#27;[0;39m – Tapping Add To Cart
[STEP] Badge before background: 1
[STEP] Background app for 5 seconds
[STEP] App returned to foreground – verify catalog is still shown
14:28:39.113 [main] &amp#27;[34mINFO &amp#27;[0;39m &amp#27;[36mc.s.a.screens.ProductCatalogScreen&amp#27;[0;39m – ProductCatalogScreen is displayed.
[STEP] Verify cart badge count is unchanged after restore
14:28:39.226 [main] &amp#27;[34mINFO &amp#27;[0;39m &amp#27;[36mc.s.automation.utils.TestListener&amp#27;[0;39m – ✅ PASS   tc_checkout_03_cartPersistsAfterBackground
]]></system-out>
  </testcase>
  <testcase name="tc_state_01_cartPersistsAfterRestart" classname="com.saucelabs.automation.tests.StatePersistenceTest" time="19.742">
    <failure message="Expected condition failed: waiting for visibility of element located by AppiumBy.androidUIAutomator: new UiSelector().resourceId(&quot;com.saucelabs.mydemoapp.android:id/productTV&quot;) (tried for 15 second(s) with 500 milliseconds interval)&#10;Build info: version: &apos;4.13.0&apos;, revision: &apos;ba948ece5b*&apos;&#10;System info: os.name: &apos;Windows 11&apos;, os.arch: &apos;amd64&apos;, os.version: &apos;10.0&apos;, java.version: &apos;25.0.3&apos;&#10;Driver info: io.appium.java_client.android.AndroidDriver&#10;Capabilities {appium:app: C:\Users\agoda\Downloads\mo..., appium:appActivity: com.saucelabs.mydemoapp.and..., appium:appPackage: com.saucelabs.mydemoapp.and..., appium:autoGrantPermissions: true, appium:automationName: UiAutomator2, appium:databaseEnabled: false, appium:desired: {app: C:\Users\agoda\Downloads\mo..., appActivity: com.saucelabs.mydemoapp.and..., appPackage: com.saucelabs.mydemoapp.and..., autoGrantPermissions: true, automationName: UiAutomator2, deviceName: Galaxy, fullReset: false, newCommandTimeout: 240, noReset: false, platformName: android, platformVersion: 14}, appium:deviceApiLevel: 34, appium:deviceManufacturer: samsung, appium:deviceModel: SM-A528B, appium:deviceName: R5CR932TQ4Y, appium:deviceScreenDensity: 450, appium:deviceScreenSize: 1080x2400, appium:deviceUDID: R5CR932TQ4Y, appium:fullReset: false, appium:javascriptEnabled: true, appium:locationContextEnabled: false, appium:networkConnectionEnabled: true, appium:newCommandTimeout: 240, appium:noReset: false, appium:pixelRatio: 2.8125, appium:platformVersion: 14, appium:statBarHeight: 87, appium:takesScreenshot: true, appium:viewportRect: {height: 2313, left: 0, top: 87, width: 1080}, appium:warnings: {}, appium:webStorageEnabled: false, platformName: ANDROID}&#10;Session ID: 206cea99-1eee-434c-bc92-4cd6a4b0f339" type="org.openqa.selenium.TimeoutException"><![CDATA[org.openqa.selenium.TimeoutException: 
Expected condition failed: waiting for visibility of element located by AppiumBy.androidUIAutomator: new UiSelector().resourceId("com.saucelabs.mydemoapp.android:id/productTV") (tried for 15 second(s) with 500 milliseconds interval)
Build info: version: '4.13.0', revision: 'ba948ece5b*'
System info: os.name: 'Windows 11', os.arch: 'amd64', os.version: '10.0', java.version: '25.0.3'
Driver info: io.appium.java_client.android.AndroidDriver
Capabilities {appium:app: C:\Users\agoda\Downloads\mo..., appium:appActivity: com.saucelabs.mydemoapp.and..., appium:appPackage: com.saucelabs.mydemoapp.and..., appium:autoGrantPermissions: true, appium:automationName: UiAutomator2, appium:databaseEnabled: false, appium:desired: {app: C:\Users\agoda\Downloads\mo..., appActivity: com.saucelabs.mydemoapp.and..., appPackage: com.saucelabs.mydemoapp.and..., autoGrantPermissions: true, automationName: UiAutomator2, deviceName: Galaxy, fullReset: false, newCommandTimeout: 240, noReset: false, platformName: android, platformVersion: 14}, appium:deviceApiLevel: 34, appium:deviceManufacturer: samsung, appium:deviceModel: SM-A528B, appium:deviceName: R5CR932TQ4Y, appium:deviceScreenDensity: 450, appium:deviceScreenSize: 1080x2400, appium:deviceUDID: R5CR932TQ4Y, appium:fullReset: false, appium:javascriptEnabled: true, appium:locationContextEnabled: false, appium:networkConnectionEnabled: true, appium:newCommandTimeout: 240, appium:noReset: false, appium:pixelRatio: 2.8125, appium:platformVersion: 14, appium:statBarHeight: 87, appium:takesScreenshot: true, appium:viewportRect: {height: 2313, left: 0, top: 87, width: 1080}, appium:warnings: {}, appium:webStorageEnabled: false, platformName: ANDROID}
Session ID: 206cea99-1eee-434c-bc92-4cd6a4b0f339
	at org.openqa.selenium.support.ui.WebDriverWait.timeoutException(WebDriverWait.java:87)
	at org.openqa.selenium.support.ui.FluentWait.until(FluentWait.java:231)
	at com.saucelabs.automation.screens.BasePage.waitForVisible(BasePage.java:86)
	at com.saucelabs.automation.screens.CartScreen.openCart(CartScreen.java:76)
	at com.saucelabs.automation.tests.StatePersistenceTest.tc_state_01_cartPersistsAfterRestart(StatePersistenceTest.java:53)
	at java.base/jdk.internal.reflect.DirectMethodHandleAccessor.invoke(DirectMethodHandleAccessor.java:104)
	at java.base/java.lang.reflect.Method.invoke(Method.java:565)
	at org.testng.internal.invokers.MethodInvocationHelper.invokeMethod(MethodInvocationHelper.java:139)
	at org.testng.internal.invokers.TestInvoker.invokeMethod(TestInvoker.java:664)
	at org.testng.internal.invokers.TestInvoker.invokeTestMethod(TestInvoker.java:228)
	at org.testng.internal.invokers.MethodRunner.runInSequence(MethodRunner.java:63)
	at org.testng.internal.invokers.TestInvoker$MethodInvocationAgent.invoke(TestInvoker.java:961)
	at org.testng.internal.invokers.TestInvoker.invokeTestMethods(TestInvoker.java:201)
	at org.testng.internal.invokers.TestMethodWorker.invokeTestMethods(TestMethodWorker.java:148)
	at org.testng.internal.invokers.TestMethodWorker.run(TestMethodWorker.java:128)
	at java.base/java.util.ArrayList.forEach(ArrayList.java:1604)
	at org.testng.TestRunner.privateRun(TestRunner.java:819)
	at org.testng.TestRunner.run(TestRunner.java:619)
	at org.testng.SuiteRunner.runTest(SuiteRunner.java:443)
	at org.testng.SuiteRunner.runSequentially(SuiteRunner.java:437)
	at org.testng.SuiteRunner.privateRun(SuiteRunner.java:397)
	at org.testng.SuiteRunner.run(SuiteRunner.java:336)
	at org.testng.SuiteRunnerWorker.runSuite(SuiteRunnerWorker.java:52)
	at org.testng.SuiteRunnerWorker.run(SuiteRunnerWorker.java:95)
	at org.testng.TestNG.runSuitesSequentially(TestNG.java:1301)
	at org.testng.TestNG.runSuitesLocally(TestNG.java:1228)
	at org.testng.TestNG.runSuites(TestNG.java:1134)
	at org.testng.TestNG.run(TestNG.java:1101)
	at org.apache.maven.surefire.testng.TestNGExecutor.run(TestNGExecutor.java:308)
	at org.apache.maven.surefire.testng.TestNGXmlTestSuite.execute(TestNGXmlTestSuite.java:71)
	at org.apache.maven.surefire.testng.TestNGProvider.invoke(TestNGProvider.java:113)
	at org.apache.maven.surefire.booter.ForkedBooter.runSuitesInProcess(ForkedBooter.java:385)
	at org.apache.maven.surefire.booter.ForkedBooter.execute(ForkedBooter.java:162)
	at org.apache.maven.surefire.booter.ForkedBooter.run(ForkedBooter.java:507)
	at org.apache.maven.surefire.booter.ForkedBooter.main(ForkedBooter.java:495)
]]></failure>
    <system-out><![CDATA[14:28:40.474 [main] &amp#27;[34mINFO &amp#27;[0;39m &amp#27;[36mc.s.automation.driver.DriverManager&amp#27;[0;39m – Driver session closed.
14:28:40.584 [main] &amp#27;[34mINFO &amp#27;[0;39m &amp#27;[36mc.s.automation.utils.TestListener&amp#27;[0;39m – Test suite finished. Report written.
14:28:40.592 [main] &amp#27;[34mINFO &amp#27;[0;39m &amp#27;[36mc.s.automation.utils.TestListener&amp#27;[0;39m – Test suite starting – platform: ANDROID
[BaseTest] system property platform = android
[BaseTest] Platform in @BeforeMethod: ANDROID
14:28:40.595 [main] &amp#27;[34mINFO &amp#27;[0;39m &amp#27;[36mc.s.automation.driver.DriverManager&amp#27;[0;39m – Initialising ANDROID driver → http://localhost:4723
14:28:46.912 [main] &amp#27;[34mINFO &amp#27;[0;39m &amp#27;[36mc.s.automation.driver.DriverManager&amp#27;[0;39m – ANDROID driver ready. Session ID: 206cea99-1eee-434c-bc92-4cd6a4b0f339
[STEP] Login and add one item to cart
14:28:48.381 [main] &amp#27;[34mINFO &amp#27;[0;39m &amp#27;[36mc.s.automation.screens.LoginScreen&amp#27;[0;39m – HomeScreen is displayed.
14:28:51.009 [main] &amp#27;[34mINFO &amp#27;[0;39m &amp#27;[36mc.s.automation.screens.LoginScreen&amp#27;[0;39m – LoginScreen is displayed.
14:28:51.009 [main] &amp#27;[34mINFO &amp#27;[0;39m &amp#27;[36mc.s.automation.screens.LoginScreen&amp#27;[0;39m – Logging in as 'bob@example.com'
14:28:54.980 [main] &amp#27;[34mINFO &amp#27;[0;39m &amp#27;[36mc.s.a.screens.ProductCatalogScreen&amp#27;[0;39m – ProductCatalogScreen is displayed.
14:28:56.147 [main] &amp#27;[34mINFO &amp#27;[0;39m &amp#27;[36mc.s.a.screens.ProductDetailScreen&amp#27;[0;39m – ProductDetailScreen is displayed.
14:28:56.148 [main] &amp#27;[34mINFO &amp#27;[0;39m &amp#27;[36mc.s.a.screens.ProductDetailScreen&amp#27;[0;39m – Tapping Add To Cart
14:28:56.488 [main] &amp#27;[34mINFO &amp#27;[0;39m &amp#27;[36mc.s.automation.utils.TestListener&amp#27;[0;39m – ▶ START  StatePersistenceTest :: tc_state_01_cartPersistsAfterRestart
[STEP] Cart badge before restart: 1
[STEP] Restart the app (terminate + relaunch)
[STEP] Wait for login screen or catalog after restart
14:29:00.435 [main] &amp#27;[34mINFO &amp#27;[0;39m &amp#27;[36mc.s.a.screens.ProductCatalogScreen&amp#27;[0;39m – ProductCatalogScreen is displayed.
[STEP] Auto-logged in after restart
[STEP] Open cart and verify item count is preserved
14:29:00.437 [main] &amp#27;[34mINFO &amp#27;[0;39m &amp#27;[36mc.s.automation.screens.CartScreen&amp#27;[0;39m – Opening cart via tab icon
14:29:16.221 [main] &amp#27;[1;31mERROR&amp#27;[0;39m &amp#27;[36mc.s.automation.utils.TestListener&amp#27;[0;39m – ❌ FAIL   tc_state_01_cartPersistsAfterRestart – Expected condition failed: waiting for visibility of element located by AppiumBy.androidUIAutomator: new UiSelector().resourceId("com.saucelabs.mydemoapp.android:id/productTV") (tried for 15 second(s) with 500 milliseconds interval)
Build info: version: '4.13.0', revision: 'ba948ece5b*'
System info: os.name: 'Windows 11', os.arch: 'amd64', os.version: '10.0', java.version: '25.0.3'
Driver info: io.appium.java_client.android.AndroidDriver
Capabilities {appium:app: C:\Users\agoda\Downloads\mo..., appium:appActivity: com.saucelabs.mydemoapp.and..., appium:appPackage: com.saucelabs.mydemoapp.and..., appium:autoGrantPermissions: true, appium:automationName: UiAutomator2, appium:databaseEnabled: false, appium:desired: {app: C:\Users\agoda\Downloads\mo..., appActivity: com.saucelabs.mydemoapp.and..., appPackage: com.saucelabs.mydemoapp.and..., autoGrantPermissions: true, automationName: UiAutomator2, deviceName: Galaxy, fullReset: false, newCommandTimeout: 240, noReset: false, platformName: android, platformVersion: 14}, appium:deviceApiLevel: 34, appium:deviceManufacturer: samsung, appium:deviceModel: SM-A528B, appium:deviceName: R5CR932TQ4Y, appium:deviceScreenDensity: 450, appium:deviceScreenSize: 1080x2400, appium:deviceUDID: R5CR932TQ4Y, appium:fullReset: false, appium:javascriptEnabled: true, appium:locationContextEnabled: false, appium:networkConnectionEnabled: true, appium:newCommandTimeout: 240, appium:noReset: false, appium:pixelRatio: 2.8125, appium:platformVersion: 14, appium:statBarHeight: 87, appium:takesScreenshot: true, appium:viewportRect: {height: 2313, left: 0, top: 87, width: 1080}, appium:warnings: {}, appium:webStorageEnabled: false, platformName: ANDROID}
Session ID: 206cea99-1eee-434c-bc92-4cd6a4b0f339
14:29:16.222 [main] &amp#27;[31mWARN &amp#27;[0;39m &amp#27;[36mc.s.automation.utils.TestListener&amp#27;[0;39m – No screenshot found – ensure captureScreenshot() is called in tearDown()
]]></system-out>
  </testcase>
  <testcase name="tc_state_02_sessionClearedAfterFullReset" classname="com.saucelabs.automation.tests.StatePersistenceTest" time="5.841">
    <system-out><![CDATA[14:29:16.718 [main] &amp#27;[34mINFO &amp#27;[0;39m &amp#27;[36mc.s.automation.utils.TestListener&amp#27;[0;39m – Screenshot captured for: tc_state_01_cartPersistsAfterRestart
14:29:17.989 [main] &amp#27;[34mINFO &amp#27;[0;39m &amp#27;[36mc.s.automation.driver.DriverManager&amp#27;[0;39m – Driver session closed.
[BaseTest] system property platform = android
[BaseTest] Platform in @BeforeMethod: ANDROID
14:29:17.992 [main] &amp#27;[34mINFO &amp#27;[0;39m &amp#27;[36mc.s.automation.driver.DriverManager&amp#27;[0;39m – Initialising ANDROID driver → http://localhost:4723
14:29:25.674 [main] &amp#27;[34mINFO &amp#27;[0;39m &amp#27;[36mc.s.automation.driver.DriverManager&amp#27;[0;39m – ANDROID driver ready. Session ID: 18514d7a-4436-4d96-9ddd-0674bbabf93a
[STEP] Login and add one item to cart
14:29:27.134 [main] &amp#27;[34mINFO &amp#27;[0;39m &amp#27;[36mc.s.automation.screens.LoginScreen&amp#27;[0;39m – HomeScreen is displayed.
14:29:29.774 [main] &amp#27;[34mINFO &amp#27;[0;39m &amp#27;[36mc.s.automation.screens.LoginScreen&amp#27;[0;39m – LoginScreen is displayed.
14:29:29.774 [main] &amp#27;[34mINFO &amp#27;[0;39m &amp#27;[36mc.s.automation.screens.LoginScreen&amp#27;[0;39m – Logging in as 'bob@example.com'
14:29:33.797 [main] &amp#27;[34mINFO &amp#27;[0;39m &amp#27;[36mc.s.a.screens.ProductCatalogScreen&amp#27;[0;39m – ProductCatalogScreen is displayed.
14:29:34.861 [main] &amp#27;[34mINFO &amp#27;[0;39m &amp#27;[36mc.s.a.screens.ProductDetailScreen&amp#27;[0;39m – ProductDetailScreen is displayed.
14:29:34.861 [main] &amp#27;[34mINFO &amp#27;[0;39m &amp#27;[36mc.s.a.screens.ProductDetailScreen&amp#27;[0;39m – Tapping Add To Cart
14:29:35.191 [main] &amp#27;[34mINFO &amp#27;[0;39m &amp#27;[36mc.s.automation.utils.TestListener&amp#27;[0;39m – ▶ START  StatePersistenceTest :: tc_state_02_sessionClearedAfterFullReset
[STEP] Verify user is currently on catalog (logged in)
14:29:36.142 [main] &amp#27;[34mINFO &amp#27;[0;39m &amp#27;[36mc.s.a.screens.ProductCatalogScreen&amp#27;[0;39m – ProductCatalogScreen is displayed.
[STEP] Terminate the app
[STEP] Re-launch the app
[STEP] Verify login screen is shown (session was not retained)
14:29:39.371 [main] &amp#27;[34mINFO &amp#27;[0;39m &amp#27;[36mc.s.automation.screens.LoginScreen&amp#27;[0;39m – HomeScreen is displayed.
14:29:41.029 [main] &amp#27;[34mINFO &amp#27;[0;39m &amp#27;[36mc.s.automation.utils.TestListener&amp#27;[0;39m – ✅ PASS   tc_state_02_sessionClearedAfterFullReset
]]></system-out>
  </testcase>
</testsuite>