<?xml version="1.0" encoding="UTF-8"?>
<testng-results ignored="0" total="8" passed="7" failed="1" skipped="0">
  <reporter-output>
  </reporter-output>
  <suite started-at="2026-06-07T14:26:15 CEST" name="Android Suite" finished-at="2026-06-07T14:29:42 CEST" duration-ms="207179">
    <groups>
    </groups>
    <test started-at="2026-06-07T14:26:15 CEST" name="Login Tests – Android" finished-at="2026-06-07T14:27:09 CEST" duration-ms="54447">
      <class name="com.saucelabs.automation.tests.LoginTest">
        <test-method is-config="true" signature="setUp()[pri:0, instance:com.saucelabs.automation.tests.LoginTest@6892b3b6]" started-at="2026-06-07T14:26:15 CEST" name="setUp" finished-at="2026-06-07T14:26:26 CEST" duration-ms="10901" status="PASS">
          <reporter-output>
          </reporter-output>
        </test-method> <!-- setUp -->
        <test-method signature="tc_login_01_validCredentials_shouldReachCatalog()[pri:0, instance:com.saucelabs.automation.tests.LoginTest@6892b3b6]" started-at="2026-06-07T14:26:26 CEST" name="tc_login_01_validCredentials_shouldReachCatalog" description="Valid credentials should navigate to the product catalog" finished-at="2026-06-07T14:26:34 CEST" duration-ms="8156" status="PASS">
          <reporter-output>
          </reporter-output>
        </test-method> <!-- tc_login_01_validCredentials_shouldReachCatalog -->
        <test-method is-config="true" signature="tearDown(org.testng.ITestResult)[pri:0, instance:com.saucelabs.automation.tests.LoginTest@6892b3b6]" started-at="2026-06-07T14:26:34 CEST" name="tearDown" finished-at="2026-06-07T14:26:35 CEST" duration-ms="1237" status="PASS">
          <params>
            <param index="0">
              <value>
                <![CDATA[[TestResult name=tc_login_01_validCredentials_shouldReachCatalog status=SUCCESS method=LoginTest.tc_login_01_validCredentials_shouldReachCatalog()[pri:0, instance:com.saucelabs.automation.tests.LoginTest@6892b3b6] output={null}]]]>
              </value>
            </param>
          </params>
          <reporter-output>
          </reporter-output>
        </test-method> <!-- tearDown -->
        <test-method is-config="true" signature="setUp()[pri:0, instance:com.saucelabs.automation.tests.LoginTest@6892b3b6]" started-at="2026-06-07T14:26:35 CEST" name="setUp" finished-at="2026-06-07T14:26:43 CEST" duration-ms="7617" status="PASS">
          <reporter-output>
          </reporter-output>
        </test-method> <!-- setUp -->
        <test-method signature="tc_login_02_invalidCredentials_shouldShowError()[pri:0, instance:com.saucelabs.automation.tests.LoginTest@6892b3b6]" started-at="2026-06-07T14:26:43 CEST" name="tc_login_02_invalidCredentials_shouldShowError" description="Invalid credentials should show an error message" finished-at="2026-06-07T14:26:51 CEST" duration-ms="7808" status="PASS">
          <reporter-output>
          </reporter-output>
        </test-method> <!-- tc_login_02_invalidCredentials_shouldShowError -->
        <test-method is-config="true" signature="tearDown(org.testng.ITestResult)[pri:0, instance:com.saucelabs.automation.tests.LoginTest@6892b3b6]" started-at="2026-06-07T14:26:51 CEST" name="tearDown" finished-at="2026-06-07T14:26:52 CEST" duration-ms="1154" status="PASS">
          <params>
            <param index="0">
              <value>
                <![CDATA[[TestResult name=tc_login_02_invalidCredentials_shouldShowError status=SUCCESS method=LoginTest.tc_login_02_invalidCredentials_shouldShowError()[pri:0, instance:com.saucelabs.automation.tests.LoginTest@6892b3b6] output={null}]]]>
              </value>
            </param>
          </params>
          <reporter-output>
          </reporter-output>
        </test-method> <!-- tearDown -->
        <test-method is-config="true" signature="setUp()[pri:0, instance:com.saucelabs.automation.tests.LoginTest@6892b3b6]" started-at="2026-06-07T14:26:52 CEST" name="setUp" finished-at="2026-06-07T14:27:00 CEST" duration-ms="8095" status="PASS">
          <reporter-output>
          </reporter-output>
        </test-method> <!-- setUp -->
        <test-method signature="tc_login_03_emptyCredentials_shouldShowError()[pri:0, instance:com.saucelabs.automation.tests.LoginTest@6892b3b6]" started-at="2026-06-07T14:27:00 CEST" name="tc_login_03_emptyCredentials_shouldShowError" description="Empty credentials should show an error message" finished-at="2026-06-07T14:27:08 CEST" duration-ms="7836" status="PASS">
          <reporter-output>
          </reporter-output>
        </test-method> <!-- tc_login_03_emptyCredentials_shouldShowError -->
        <test-method is-config="true" signature="tearDown(org.testng.ITestResult)[pri:0, instance:com.saucelabs.automation.tests.LoginTest@6892b3b6]" started-at="2026-06-07T14:27:08 CEST" name="tearDown" finished-at="2026-06-07T14:27:09 CEST" duration-ms="1246" status="PASS">
          <params>
            <param index="0">
              <value>
                <![CDATA[[TestResult name=tc_login_03_emptyCredentials_shouldShowError status=SUCCESS method=LoginTest.tc_login_03_emptyCredentials_shouldShowError()[pri:0, instance:com.saucelabs.automation.tests.LoginTest@6892b3b6] output={null}]]]>
              </value>
            </param>
          </params>
          <reporter-output>
          </reporter-output>
        </test-method> <!-- tearDown -->
      </class> <!-- com.saucelabs.automation.tests.LoginTest -->
    </test> <!-- Login Tests – Android -->
    <test started-at="2026-06-07T14:27:10 CEST" name="Checkout Tests – Android" finished-at="2026-06-07T14:28:40 CEST" duration-ms="90432">
      <class name="com.saucelabs.automation.tests.CheckoutTest">
        <test-method is-config="true" signature="setUp()[pri:0, instance:com.saucelabs.automation.tests.CheckoutTest@d737b89]" started-at="2026-06-07T14:27:10 CEST" name="setUp" finished-at="2026-06-07T14:27:17 CEST" duration-ms="7596" status="PASS">
          <reporter-output>
          </reporter-output>
        </test-method> <!-- setUp -->
        <test-method is-config="true" signature="loginToCatalog()[pri:0, instance:com.saucelabs.automation.tests.CheckoutTest@d737b89]" started-at="2026-06-07T14:27:17 CEST" name="loginToCatalog" finished-at="2026-06-07T14:27:25 CEST" depends-on-methods="com.saucelabs.automation.tests.BaseTest.setUp" duration-ms="8182" status="PASS">
          <reporter-output>
          </reporter-output>
        </test-method> <!-- loginToCatalog -->
        <test-method signature="tc_checkout_01_fullPurchaseFlow_shouldShowConfirmation()[pri:0, instance:com.saucelabs.automation.tests.CheckoutTest@d737b89]" started-at="2026-06-07T14:27:25 CEST" name="tc_checkout_01_fullPurchaseFlow_shouldShowConfirmation" description="Full flow: browse catalog → add to cart → checkout → confirmation" finished-at="2026-06-07T14:27:55 CEST" duration-ms="29994" status="PASS">
          <reporter-output>
          </reporter-output>
        </test-method> <!-- tc_checkout_01_fullPurchaseFlow_shouldShowConfirmation -->
        <test-method is-config="true" signature="tearDown(org.testng.ITestResult)[pri:0, instance:com.saucelabs.automation.tests.CheckoutTest@d737b89]" started-at="2026-06-07T14:27:55 CEST" name="tearDown" finished-at="2026-06-07T14:27:57 CEST" duration-ms="1213" status="PASS">
          <params>
            <param index="0">
              <value>
                <![CDATA[[TestResult name=tc_checkout_01_fullPurchaseFlow_shouldShowConfirmation status=SUCCESS method=CheckoutTest.tc_checkout_01_fullPurchaseFlow_shouldShowConfirmation()[pri:0, instance:com.saucelabs.automation.tests.CheckoutTest@d737b89] output={null}]]]>
              </value>
            </param>
          </params>
          <reporter-output>
          </reporter-output>
        </test-method> <!-- tearDown -->
        <test-method is-config="true" signature="setUp()[pri:0, instance:com.saucelabs.automation.tests.CheckoutTest@d737b89]" started-at="2026-06-07T14:27:57 CEST" name="setUp" finished-at="2026-06-07T14:28:04 CEST" duration-ms="7009" status="PASS">
          <reporter-output>
          </reporter-output>
        </test-method> <!-- setUp -->
        <test-method is-config="true" signature="loginToCatalog()[pri:0, instance:com.saucelabs.automation.tests.CheckoutTest@d737b89]" started-at="2026-06-07T14:28:04 CEST" name="loginToCatalog" finished-at="2026-06-07T14:28:12 CEST" depends-on-methods="com.saucelabs.automation.tests.BaseTest.setUp" duration-ms="8115" status="PASS">
          <reporter-output>
          </reporter-output>
        </test-method> <!-- loginToCatalog -->
        <test-method signature="tc_checkout_02_addToCart_badgeShouldIncrement()[pri:0, instance:com.saucelabs.automation.tests.CheckoutTest@d737b89]" started-at="2026-06-07T14:28:12 CEST" name="tc_checkout_02_addToCart_badgeShouldIncrement" description="Cart badge count should increment when a product is added" finished-at="2026-06-07T14:28:14 CEST" duration-ms="2188" status="PASS">
          <reporter-output>
          </reporter-output>
        </test-method> <!-- tc_checkout_02_addToCart_badgeShouldIncrement -->
        <test-method is-config="true" signature="tearDown(org.testng.ITestResult)[pri:0, instance:com.saucelabs.automation.tests.CheckoutTest@d737b89]" started-at="2026-06-07T14:28:14 CEST" name="tearDown" finished-at="2026-06-07T14:28:15 CEST" duration-ms="1160" status="PASS">
          <params>
            <param index="0">
              <value>
                <![CDATA[[TestResult name=tc_checkout_02_addToCart_badgeShouldIncrement status=SUCCESS method=CheckoutTest.tc_checkout_02_addToCart_badgeShouldIncrement()[pri:0, instance:com.saucelabs.automation.tests.CheckoutTest@d737b89] output={null}]]]>
              </value>
            </param>
          </params>
          <reporter-output>
          </reporter-output>
        </test-method> <!-- tearDown -->
        <test-method is-config="true" signature="setUp()[pri:0, instance:com.saucelabs.automation.tests.CheckoutTest@d737b89]" started-at="2026-06-07T14:28:15 CEST" name="setUp" finished-at="2026-06-07T14:28:22 CEST" duration-ms="6624" status="PASS">
          <reporter-output>
          </reporter-output>
        </test-method> <!-- setUp -->
        <test-method is-config="true" signature="loginToCatalog()[pri:0, instance:com.saucelabs.automation.tests.CheckoutTest@d737b89]" started-at="2026-06-07T14:28:22 CEST" name="loginToCatalog" finished-at="2026-06-07T14:28:30 CEST" depends-on-methods="com.saucelabs.automation.tests.BaseTest.setUp" duration-ms="8175" status="PASS">
          <reporter-output>
          </reporter-output>
        </test-method> <!-- loginToCatalog -->
        <test-method signature="tc_checkout_03_cartPersistsAfterBackground()[pri:0, instance:com.saucelabs.automation.tests.CheckoutTest@d737b89]" started-at="2026-06-07T14:28:30 CEST" name="tc_checkout_03_cartPersistsAfterBackground" description="Cart items should persist after the app is backgrounded and restored" finished-at="2026-06-07T14:28:39 CEST" duration-ms="8911" status="PASS">
          <reporter-output>
          </reporter-output>
        </test-method> <!-- tc_checkout_03_cartPersistsAfterBackground -->
        <test-method is-config="true" signature="tearDown(org.testng.ITestResult)[pri:0, instance:com.saucelabs.automation.tests.CheckoutTest@d737b89]" started-at="2026-06-07T14:28:39 CEST" name="tearDown" finished-at="2026-06-07T14:28:40 CEST" duration-ms="1246" status="PASS">
          <params>
            <param index="0">
              <value>
                <![CDATA[[TestResult name=tc_checkout_03_cartPersistsAfterBackground status=SUCCESS method=CheckoutTest.tc_checkout_03_cartPersistsAfterBackground()[pri:0, instance:com.saucelabs.automation.tests.CheckoutTest@d737b89] output={null}]]]>
              </value>
            </param>
          </params>
          <reporter-output>
          </reporter-output>
        </test-method> <!-- tearDown -->
      </class> <!-- com.saucelabs.automation.tests.CheckoutTest -->
    </test> <!-- Checkout Tests – Android -->
    <test started-at="2026-06-07T14:28:40 CEST" name="State Persistence Tests – Android" finished-at="2026-06-07T14:29:42 CEST" duration-ms="61640">
      <class name="com.saucelabs.automation.tests.StatePersistenceTest">
        <test-method is-config="true" signature="resolvePlatform()[pri:0, instance:com.saucelabs.automation.tests.StatePersistenceTest@273444fe]" started-at="2026-06-07T14:26:15 CEST" name="resolvePlatform" finished-at="2026-06-07T14:26:15 CEST" duration-ms="23" status="PASS">
          <reporter-output>
          </reporter-output>
        </test-method> <!-- resolvePlatform -->
        <test-method is-config="true" signature="setUp()[pri:0, instance:com.saucelabs.automation.tests.StatePersistenceTest@273444fe]" started-at="2026-06-07T14:28:40 CEST" name="setUp" finished-at="2026-06-07T14:28:46 CEST" duration-ms="6319" status="PASS">
          <reporter-output>
          </reporter-output>
        </test-method> <!-- setUp -->
        <test-method is-config="true" signature="loginAndAddToCart()[pri:0, instance:com.saucelabs.automation.tests.StatePersistenceTest@273444fe]" started-at="2026-06-07T14:28:46 CEST" name="loginAndAddToCart" finished-at="2026-06-07T14:28:56 CEST" depends-on-methods="com.saucelabs.automation.tests.BaseTest.setUp" duration-ms="9573" status="PASS">
          <reporter-output>
          </reporter-output>
        </test-method> <!-- loginAndAddToCart -->
        <test-method signature="tc_state_01_cartPersistsAfterRestart()[pri:0, instance:com.saucelabs.automation.tests.StatePersistenceTest@273444fe]" started-at="2026-06-07T14:28:56 CEST" name="tc_state_01_cartPersistsAfterRestart" description="Cart items should persist after a full app restart" finished-at="2026-06-07T14:29:16 CEST" duration-ms="19732" status="FAIL">
          <exception class="org.openqa.selenium.TimeoutException">
            <message>
              <![CDATA[Expected condition failed: waiting for visibility of element located by AppiumBy.androidUIAutomator: new UiSelector().resourceId("com.saucelabs.mydemoapp.android:id/productTV") (tried for 15 second(s) with 500 milliseconds interval)
Build info: version: '4.13.0', revision: 'ba948ece5b*'
System info: os.name: 'Windows 11', os.arch: 'amd64', os.version: '10.0', java.version: '25.0.3'
Driver info: io.appium.java_client.android.AndroidDriver
Capabilities {appium:app: C:\Users\agoda\Downloads\mo..., appium:appActivity: com.saucelabs.mydemoapp.and..., appium:appPackage: com.saucelabs.mydemoapp.and..., appium:autoGrantPermissions: true, appium:automationName: UiAutomator2, appium:databaseEnabled: false, appium:desired: {app: C:\Users\agoda\Downloads\mo..., appActivity: com.saucelabs.mydemoapp.and..., appPackage: com.saucelabs.mydemoapp.and..., autoGrantPermissions: true, automationName: UiAutomator2, deviceName: Galaxy, fullReset: false, newCommandTimeout: 240, noReset: false, platformName: android, platformVersion: 14}, appium:deviceApiLevel: 34, appium:deviceManufacturer: samsung, appium:deviceModel: SM-A528B, appium:deviceName: R5CR932TQ4Y, appium:deviceScreenDensity: 450, appium:deviceScreenSize: 1080x2400, appium:deviceUDID: R5CR932TQ4Y, appium:fullReset: false, appium:javascriptEnabled: true, appium:locationContextEnabled: false, appium:networkConnectionEnabled: true, appium:newCommandTimeout: 240, appium:noReset: false, appium:pixelRatio: 2.8125, appium:platformVersion: 14, appium:statBarHeight: 87, appium:takesScreenshot: true, appium:viewportRect: {height: 2313, left: 0, top: 87, width: 1080}, appium:warnings: {}, appium:webStorageEnabled: false, platformName: ANDROID}
Session ID: 206cea99-1eee-434c-bc92-4cd6a4b0f339]]>
            </message>
            <full-stacktrace>
              <![CDATA[org.openqa.selenium.TimeoutException: Expected condition failed: waiting for visibility of element located by AppiumBy.androidUIAutomator: new UiSelector().resourceId("com.saucelabs.mydemoapp.android:id/productTV") (tried for 15 second(s) with 500 milliseconds interval)
Build info: version: '4.13.0', revision: 'ba948ece5b*'
System info: os.name: 'Windows 11', os.arch: 'amd64', os.version: '10.0', java.version: '25.0.3'
Driver info: io.appium.java_client.android.AndroidDriver
Capabilities {appium:app: C:\Users\agoda\Downloads\mo..., appium:appActivity: com.saucelabs.mydemoapp.and..., appium:appPackage: com.saucelabs.mydemoapp.and..., appium:autoGrantPermissions: true, appium:automationName: UiAutomator2, appium:databaseEnabled: false, appium:desired: {app: C:\Users\agoda\Downloads\mo..., appActivity: com.saucelabs.mydemoapp.and..., appPackage: com.saucelabs.mydemoapp.and..., autoGrantPermissions: true, automationName: UiAutomator2, deviceName: Galaxy, fullReset: false, newCommandTimeout: 240, noReset: false, platformName: android, platformVersion: 14}, appium:deviceApiLevel: 34, appium:deviceManufacturer: samsung, appium:deviceModel: SM-A528B, appium:deviceName: R5CR932TQ4Y, appium:deviceScreenDensity: 450, appium:deviceScreenSize: 1080x2400, appium:deviceUDID: R5CR932TQ4Y, appium:fullReset: false, appium:javascriptEnabled: true, appium:locationContextEnabled: false, appium:networkConnectionEnabled: true, appium:newCommandTimeout: 240, appium:noReset: false, appium:pixelRatio: 2.8125, appium:platformVersion: 14, appium:statBarHeight: 87, appium:takesScreenshot: true, appium:viewportRect: {height: 2313, left: 0, top: 87, width: 1080}, appium:warnings: {}, appium:webStorageEnabled: false, platformName: ANDROID}
Session ID: 206cea99-1eee-434c-bc92-4cd6a4b0f339
at org.openqa.selenium.support.ui.WebDriverWait.timeoutException(WebDriverWait.java:87)
at org.openqa.selenium.support.ui.FluentWait.until(FluentWait.java:231)
at com.saucelabs.automation.screens.BasePage.waitForVisible(BasePage.java:86)
at com.saucelabs.automation.screens.CartScreen.openCart(CartScreen.java:76)
at com.saucelabs.automation.tests.StatePersistenceTest.tc_state_01_cartPersistsAfterRestart(StatePersistenceTest.java:53)
at java.base/jdk.internal.reflect.DirectMethodHandleAccessor.invoke(DirectMethodHandleAccessor.java:104)
at java.base/java.lang.reflect.Method.invoke(Method.java:565)
at org.testng.internal.invokers.MethodInvocationHelper.invokeMethod(MethodInvocationHelper.java:139)
at org.testng.internal.invokers.TestInvoker.invokeMethod(TestInvoker.java:664)
at org.testng.internal.invokers.TestInvoker.invokeTestMethod(TestInvoker.java:228)
at org.testng.internal.invokers.MethodRunner.runInSequence(MethodRunner.java:63)
at org.testng.internal.invokers.TestInvoker$MethodInvocationAgent.invoke(TestInvoker.java:961)
at org.testng.internal.invokers.TestInvoker.invokeTestMethods(TestInvoker.java:201)
at org.testng.internal.invokers.TestMethodWorker.invokeTestMethods(TestMethodWorker.java:148)
at org.testng.internal.invokers.TestMethodWorker.run(TestMethodWorker.java:128)
at java.base/java.util.ArrayList.forEach(ArrayList.java:1604)
at org.testng.TestRunner.privateRun(TestRunner.java:819)
at org.testng.TestRunner.run(TestRunner.java:619)
at org.testng.SuiteRunner.runTest(SuiteRunner.java:443)
at org.testng.SuiteRunner.runSequentially(SuiteRunner.java:437)
at org.testng.SuiteRunner.privateRun(SuiteRunner.java:397)
at org.testng.SuiteRunner.run(SuiteRunner.java:336)
at org.testng.SuiteRunnerWorker.runSuite(SuiteRunnerWorker.java:52)
at org.testng.SuiteRunnerWorker.run(SuiteRunnerWorker.java:95)
at org.testng.TestNG.runSuitesSequentially(TestNG.java:1301)
at org.testng.TestNG.runSuitesLocally(TestNG.java:1228)
at org.testng.TestNG.runSuites(TestNG.java:1134)
at org.testng.TestNG.run(TestNG.java:1101)
at org.apache.maven.surefire.testng.TestNGExecutor.run(TestNGExecutor.java:308)
at org.apache.maven.surefire.testng.TestNGXmlTestSuite.execute(TestNGXmlTestSuite.java:71)
at org.apache.maven.surefire.testng.TestNGProvider.invoke(TestNGProvider.java:113)
at org.apache.maven.surefire.booter.ForkedBooter.runSuitesInProcess(ForkedBooter.java:385)
at org.apache.maven.surefire.booter.ForkedBooter.execute(ForkedBooter.java:162)
at org.apache.maven.surefire.booter.ForkedBooter.run(ForkedBooter.java:507)
at org.apache.maven.surefire.booter.ForkedBooter.main(ForkedBooter.java:495)
]]>
            </full-stacktrace>
          </exception> <!-- org.openqa.selenium.TimeoutException -->
          <reporter-output>
          </reporter-output>
        </test-method> <!-- tc_state_01_cartPersistsAfterRestart -->
        <test-method is-config="true" signature="tearDown(org.testng.ITestResult)[pri:0, instance:com.saucelabs.automation.tests.StatePersistenceTest@273444fe]" started-at="2026-06-07T14:29:16 CEST" name="tearDown" finished-at="2026-06-07T14:29:17 CEST" duration-ms="1763" status="PASS">
          <params>
            <param index="0">
              <value>
                <![CDATA[[TestResult name=tc_state_01_cartPersistsAfterRestart status=FAILURE method=StatePersistenceTest.tc_state_01_cartPersistsAfterRestart()[pri:0, instance:com.saucelabs.automation.tests.StatePersistenceTest@273444fe] output={null}]]]>
              </value>
            </param>
          </params>
          <reporter-output>
          </reporter-output>
        </test-method> <!-- tearDown -->
        <test-method is-config="true" signature="setUp()[pri:0, instance:com.saucelabs.automation.tests.StatePersistenceTest@273444fe]" started-at="2026-06-07T14:29:17 CEST" name="setUp" finished-at="2026-06-07T14:29:25 CEST" duration-ms="7683" status="PASS">
          <reporter-output>
          </reporter-output>
        </test-method> <!-- setUp -->
        <test-method is-config="true" signature="loginAndAddToCart()[pri:0, instance:com.saucelabs.automation.tests.StatePersistenceTest@273444fe]" started-at="2026-06-07T14:29:25 CEST" name="loginAndAddToCart" finished-at="2026-06-07T14:29:35 CEST" depends-on-methods="com.saucelabs.automation.tests.BaseTest.setUp" duration-ms="9514" status="PASS">
          <reporter-output>
          </reporter-output>
        </test-method> <!-- loginAndAddToCart -->
        <test-method signature="tc_state_02_sessionClearedAfterFullReset()[pri:0, instance:com.saucelabs.automation.tests.StatePersistenceTest@273444fe]" started-at="2026-06-07T14:29:35 CEST" name="tc_state_02_sessionClearedAfterFullReset" description="User should be logged out after a full app data reset" finished-at="2026-06-07T14:29:41 CEST" duration-ms="5838" status="PASS">
          <reporter-output>
          </reporter-output>
        </test-method> <!-- tc_state_02_sessionClearedAfterFullReset -->
        <test-method is-config="true" signature="tearDown(org.testng.ITestResult)[pri:0, instance:com.saucelabs.automation.tests.StatePersistenceTest@273444fe]" started-at="2026-06-07T14:29:41 CEST" name="tearDown" finished-at="2026-06-07T14:29:42 CEST" duration-ms="1201" status="PASS">
          <params>
            <param index="0">
              <value>
                <![CDATA[[TestResult name=tc_state_02_sessionClearedAfterFullReset status=SUCCESS method=StatePersistenceTest.tc_state_02_sessionClearedAfterFullReset()[pri:0, instance:com.saucelabs.automation.tests.StatePersistenceTest@273444fe] output={null}]]]>
              </value>
            </param>
          </params>
          <reporter-output>
          </reporter-output>
        </test-method> <!-- tearDown -->
      </class> <!-- com.saucelabs.automation.tests.StatePersistenceTest -->
    </test> <!-- State Persistence Tests – Android -->
  </suite> <!-- Android Suite -->
</testng-results>
