<?xml version="1.0" encoding="UTF-8"?>
<!-- Generated by org.testng.reporters.JUnitReportReporter -->
<testsuite hostname="DESKTOP-ORHFO05" failures="0" tests="3" name="com.saucelabs.automation.tests.CheckoutTest" time="90.413" errors="0" timestamp="2026-06-07T14:29:42 CEST" skipped="0">
  <testcase classname="com.saucelabs.automation.tests.CheckoutTest" name="tc_checkout_02_addToCart_badgeShouldIncrement" time="18.539"/>
  <testcase classname="com.saucelabs.automation.tests.CheckoutTest" name="tc_checkout_01_fullPurchaseFlow_shouldShowConfirmation" time="46.918"/>
  <testcase classname="com.saucelabs.automation.tests.CheckoutTest" name="tc_checkout_03_cartPersistsAfterBackground" time="24.956"/>
</testsuite> <!-- com.saucelabs.automation.tests.CheckoutTest -->
