<?xml version="1.0" encoding="UTF-8"?>
<!-- Generated by org.testng.reporters.JUnitReportReporter -->
<testsuite hostname="DESKTOP-ORHFO05" failures="0" tests="3" name="com.saucelabs.automation.tests.CheckoutTest" time="87.248" errors="0" timestamp="2026-06-07T00:35:47 CEST" skipped="0">
  <testcase classname="com.saucelabs.automation.tests.CheckoutTest" name="tc_checkout_01_fullPurchaseFlow_shouldShowConfirmation" time="45.973"/>
  <testcase classname="com.saucelabs.automation.tests.CheckoutTest" name="tc_checkout_03_cartPersistsAfterBackground" time="24.852"/>
  <testcase classname="com.saucelabs.automation.tests.CheckoutTest" name="tc_checkout_02_addToCart_badgeShouldIncrement" time="16.423"/>
</testsuite> <!-- com.saucelabs.automation.tests.CheckoutTest -->
