<?xml version="1.0" encoding="UTF-8"?>
<!-- Generated by org.testng.reporters.JUnitReportReporter -->
<testsuite hostname="DESKTOP-ORHFO05" failures="0" tests="3" name="com.saucelabs.automation.tests.LoginTest" time="54.050" errors="0" timestamp="2026-06-07T14:29:42 CEST" skipped="0">
  <testcase classname="com.saucelabs.automation.tests.LoginTest" name="tc_login_02_invalidCredentials_shouldShowError" time="16.671"/>
  <testcase classname="com.saucelabs.automation.tests.LoginTest" name="tc_login_03_emptyCredentials_shouldShowError" time="17.085"/>
  <testcase classname="com.saucelabs.automation.tests.LoginTest" name="tc_login_01_validCredentials_shouldReachCatalog" time="20.294"/>
</testsuite> <!-- com.saucelabs.automation.tests.LoginTest -->
