<?xml version="1.0" encoding="UTF-8"?>
<!-- Generated by org.testng.reporters.JUnitReportReporter -->
<testsuite hostname="DESKTOP-ORHFO05" failures="0" tests="3" name="com.saucelabs.automation.tests.LoginTest" time="44.984" errors="0" timestamp="2026-06-07T00:35:47 CEST" skipped="0">
  <testcase classname="com.saucelabs.automation.tests.LoginTest" name="tc_login_02_invalidCredentials_shouldShowError" time="14.790"/>
  <testcase classname="com.saucelabs.automation.tests.LoginTest" name="tc_login_03_emptyCredentials_shouldShowError" time="14.296"/>
  <testcase classname="com.saucelabs.automation.tests.LoginTest" name="tc_login_01_validCredentials_shouldReachCatalog" time="15.898"/>
</testsuite> <!-- com.saucelabs.automation.tests.LoginTest -->
